connection to sinaData suc
下载x页面 url: http://vip.stock.finance.sina.com.cn/corp/go.php/vCB_AllNewsStock/symbol/sz002620.phtml完成
getting title's text and href
[u'http://finance.sina.com.cn/stock/s/20150723/171022773881.shtml']
7月23日上市公司晚间公告速递
http://finance.sina.com.cn/stock/s/20150723/171022773881.shtml
request Y href http://finance.sina.com.cn/stock/s/20150723/171022773881.shtml
[u'http://finance.sina.com.cn/stock/s/20150722/064522757378.shtml']
股海导航 7月22日沪深股市公告提示
http://finance.sina.com.cn/stock/s/20150722/064522757378.shtml
request Y href http://finance.sina.com.cn/stock/s/20150722/064522757378.shtml
[u'http://finance.sina.com.cn/stock/s/20150721/172122751920.shtml']
7月21日上市公司晚间公告速递
http://finance.sina.com.cn/stock/s/20150721/172122751920.shtml
request Y href http://finance.sina.com.cn/stock/s/20150721/172122751920.shtml
[u'http://finance.sina.com.cn/stock/s/20150716/071022701811.shtml']
股海导航 7月16日沪深股市公告提示
http://finance.sina.com.cn/stock/s/20150716/071022701811.shtml
request Y href http://finance.sina.com.cn/stock/s/20150716/071022701811.shtml
[u'http://finance.sina.com.cn/stock/s/20150715/073822690538.shtml']
股海导航 7月15日沪深股市公告提示
http://finance.sina.com.cn/stock/s/20150715/073822690538.shtml
request Y href http://finance.sina.com.cn/stock/s/20150715/073822690538.shtml
[u'http://finance.sina.com.cn/stock/t/20150709/073922634163.shtml']
深圳瑞和建筑装饰股份有限公司2014年年度权益分派实施公告
http://finance.sina.com.cn/stock/t/20150709/073922634163.shtml
request Y href http://finance.sina.com.cn/stock/t/20150709/073922634163.shtml
[u'http://finance.sina.com.cn/stock/s/20150707/225122615951.shtml']
近500公司申请停牌 总数超1200A股停牌比将破40%(全名单)
http://finance.sina.com.cn/stock/s/20150707/225122615951.shtml
request Y href http://finance.sina.com.cn/stock/s/20150707/225122615951.shtml
[u'http://finance.sina.com.cn/stock/s/20150701/072222560237.shtml']
股海导航 7月1日沪深股市公告提示
http://finance.sina.com.cn/stock/s/20150701/072222560237.shtml
request Y href http://finance.sina.com.cn/stock/s/20150701/072222560237.shtml
[u'http://finance.sina.com.cn/stock/s/20150630/171722554649.shtml']
6月30日上市公司晚间公告速递
http://finance.sina.com.cn/stock/s/20150630/171722554649.shtml
request Y href http://finance.sina.com.cn/stock/s/20150630/171722554649.shtml
[u'http://finance.sina.com.cn/stock/hyyj/20150630/162322554371.shtml']
构建高送转组合:高送转建筑股标的猜想
http://finance.sina.com.cn/stock/hyyj/20150630/162322554371.shtml
request Y href http://finance.sina.com.cn/stock/hyyj/20150630/162322554371.shtml
[u'http://finance.sina.com.cn/stock/s/20150624/070522501726.shtml']
股海导航 6月24日沪深股市公告提示
http://finance.sina.com.cn/stock/s/20150624/070522501726.shtml
request Y href http://finance.sina.com.cn/stock/s/20150624/070522501726.shtml
[u'http://finance.sina.com.cn/stock/s/20150623/170622496464.shtml']
6月23日上市公司晚间公告速递
http://finance.sina.com.cn/stock/s/20150623/170622496464.shtml
request Y href http://finance.sina.com.cn/stock/s/20150623/170622496464.shtml
[u'http://finance.sina.com.cn/stock/t/20150620/031922481614.shtml']
广发基金管理有限公司关于广发中证全指主要消费交易型开放式指数证券投资基金延长募集期的公告
http://finance.sina.com.cn/stock/t/20150620/031922481614.shtml
request Y href http://finance.sina.com.cn/stock/t/20150620/031922481614.shtml
[u'http://finance.sina.com.cn/stock/t/20150620/021422480992.shtml']
广发基金管理有限公司公告（系列）
http://finance.sina.com.cn/stock/t/20150620/021422480992.shtml
request Y href http://finance.sina.com.cn/stock/t/20150620/021422480992.shtml
[u'http://finance.sina.com.cn/stock/hyyj/20150620/021422480993.shtml']
大盘巨震机构热情不减 28股新纳入调研名单
http://finance.sina.com.cn/stock/hyyj/20150620/021422480993.shtml
request Y href http://finance.sina.com.cn/stock/hyyj/20150620/021422480993.shtml
[u'http://finance.sina.com.cn/stock/s/20150616/065322441854.shtml']
股海导航 6月16日沪深股市公告提示
http://finance.sina.com.cn/stock/s/20150616/065322441854.shtml
request Y href http://finance.sina.com.cn/stock/s/20150616/065322441854.shtml
[u'http://finance.sina.com.cn/stock/t/20150616/033922440074.shtml']
深圳瑞和建筑装饰股份有限公司
http://finance.sina.com.cn/stock/t/20150616/033922440074.shtml
request Y href http://finance.sina.com.cn/stock/t/20150616/033922440074.shtml
[u'http://finance.sina.com.cn/stock/s/20150615/170422436074.shtml']
6月15日上市公司晚间公告速递
http://finance.sina.com.cn/stock/s/20150615/170422436074.shtml
request Y href http://finance.sina.com.cn/stock/s/20150615/170422436074.shtml
[u'http://finance.sina.com.cn/stock/hyyj/20150611/070822404625.shtml']
光伏产业再迎重磅利好：三部委发文力挺
http://finance.sina.com.cn/stock/hyyj/20150611/070822404625.shtml
request Y href http://finance.sina.com.cn/stock/hyyj/20150611/070822404625.shtml
[u'http://finance.sina.com.cn/stock/hyyj/20150610/162322398642.shtml']
光伏产业:光伏行业寻找补涨、转型和国企改革
http://finance.sina.com.cn/stock/hyyj/20150610/162322398642.shtml
request Y href http://finance.sina.com.cn/stock/hyyj/20150610/162322398642.shtml
[u'http://finance.sina.com.cn/stock/s/20150609/171522387852.shtml']
6月9日上市公司晚间公告速递
http://finance.sina.com.cn/stock/s/20150609/171522387852.shtml
request Y href http://finance.sina.com.cn/stock/s/20150609/171522387852.shtml
[u'http://finance.sina.com.cn/stock/s/20150609/073722383129.shtml']
股海导航 6月9日沪深股市公告提示
http://finance.sina.com.cn/stock/s/20150609/073722383129.shtml
request Y href http://finance.sina.com.cn/stock/s/20150609/073722383129.shtml
[u'http://finance.sina.com.cn/stock/t/20150609/044422381753.shtml']
深圳瑞和建筑装饰股份有限公司公告（系列）
http://finance.sina.com.cn/stock/t/20150609/044422381753.shtml
request Y href http://finance.sina.com.cn/stock/t/20150609/044422381753.shtml
[u'http://finance.sina.com.cn/stock/t/20150609/023922380788.shtml']
深圳瑞和建筑装饰股份有限公司停牌公告
http://finance.sina.com.cn/stock/t/20150609/023922380788.shtml
request Y href http://finance.sina.com.cn/stock/t/20150609/023922380788.shtml
[u'http://finance.sina.com.cn/stock/t/20150608/205222378109.shtml']
瑞和股份筹划非公开发行 9日起停牌
http://finance.sina.com.cn/stock/t/20150608/205222378109.shtml
request Y href http://finance.sina.com.cn/stock/t/20150608/205222378109.shtml
[u'http://finance.sina.com.cn/stock/s/20150608/190822377542.shtml']
6月8日晚间上市公司利好消息一览
http://finance.sina.com.cn/stock/s/20150608/190822377542.shtml
request Y href http://finance.sina.com.cn/stock/s/20150608/190822377542.shtml
[u'http://finance.sina.com.cn/stock/s/20150604/065022345476.shtml']
股海导航 6月4日沪深股市公告提示
http://finance.sina.com.cn/stock/s/20150604/065022345476.shtml
request Y href http://finance.sina.com.cn/stock/s/20150604/065022345476.shtml
[u'http://finance.sina.com.cn/stock/hyyj/20150604/012322341876.shtml']
基建投资内外加码 建筑装饰股迎来上升新动力
http://finance.sina.com.cn/stock/hyyj/20150604/012322341876.shtml
request Y href http://finance.sina.com.cn/stock/hyyj/20150604/012322341876.shtml
[u'http://finance.sina.com.cn/stock/gegupingji/20150603/173822339975.shtml']
瑞和股份：被低估的光伏电站建设运营新秀 增持评级
http://finance.sina.com.cn/stock/gegupingji/20150603/173822339975.shtml
request Y href http://finance.sina.com.cn/stock/gegupingji/20150603/173822339975.shtml
[u'http://finance.sina.com.cn/stock/s/20150603/171422339639.shtml']
6月3日上市公司晚间公告速递
http://finance.sina.com.cn/stock/s/20150603/171422339639.shtml
request Y href http://finance.sina.com.cn/stock/s/20150603/171422339639.shtml
[u'http://finance.sina.com.cn/stock/t/20150603/152922338695.shtml']
周四主力机构最看好的十大牛股
http://finance.sina.com.cn/stock/t/20150603/152922338695.shtml
request Y href http://finance.sina.com.cn/stock/t/20150603/152922338695.shtml
[u'http://finance.sina.com.cn/stock/t/20150603/152722338700.shtml']
瑞和股份：被低估的光伏电站建设运营新秀
http://finance.sina.com.cn/stock/t/20150603/152722338700.shtml
request Y href http://finance.sina.com.cn/stock/t/20150603/152722338700.shtml
[u'http://finance.sina.com.cn/stock/gegupingji/20150603/151122338785.shtml']
机构推荐：周四具备爆发潜力20金股
http://finance.sina.com.cn/stock/gegupingji/20150603/151122338785.shtml
request Y href http://finance.sina.com.cn/stock/gegupingji/20150603/151122338785.shtml
[u'http://finance.sina.com.cn/stock/t/20150603/151122338447.shtml']
机构推荐：周四具备爆发潜力20金股
http://finance.sina.com.cn/stock/t/20150603/151122338447.shtml
request Y href http://finance.sina.com.cn/stock/t/20150603/151122338447.shtml
[u'http://finance.sina.com.cn/stock/s/20150529/073122296209.shtml']
股海导航 5月29日沪深股市公告提示
http://finance.sina.com.cn/stock/s/20150529/073122296209.shtml
request Y href http://finance.sina.com.cn/stock/s/20150529/073122296209.shtml
[u'http://finance.sina.com.cn/stock/t/20150529/024022294777.shtml']
深圳瑞和建筑装饰股份有限公司
http://finance.sina.com.cn/stock/t/20150529/024022294777.shtml
request Y href http://finance.sina.com.cn/stock/t/20150529/024022294777.shtml
[u'http://finance.sina.com.cn/stock/s/20150528/180622292088.shtml']
5月28日上市公司晚间公告速递
http://finance.sina.com.cn/stock/s/20150528/180622292088.shtml
request Y href http://finance.sina.com.cn/stock/s/20150528/180622292088.shtml
[u'http://finance.sina.com.cn/stock/s/20150528/180622292082.shtml']
5月27日晚间上市公司利好消息一览
http://finance.sina.com.cn/stock/s/20150528/180622292082.shtml
request Y href http://finance.sina.com.cn/stock/s/20150528/180622292082.shtml
[u'http://finance.sina.com.cn/stock/companyresearch/20150528/165822291611.shtml']
实力机构周五强力推荐6只极度低估金股
http://finance.sina.com.cn/stock/companyresearch/20150528/165822291611.shtml
request Y href http://finance.sina.com.cn/stock/companyresearch/20150528/165822291611.shtml
[u'http://finance.sina.com.cn/stock/t/20150528/143122290139.shtml']
瑞和股份：进军光伏新能源发电领域
http://finance.sina.com.cn/stock/t/20150528/143122290139.shtml
request Y href http://finance.sina.com.cn/stock/t/20150528/143122290139.shtml
下载y页面 url: http://finance.sina.com.cn/stock/s/20150723/171022773881.shtml完成
connect mysql sinaData suc!
insert suc!
下载y页面 url: http://finance.sina.com.cn/stock/s/20150624/070522501726.shtml完成
connect mysql sinaData suc!
insert suc!
下载y页面 url: http://finance.sina.com.cn/stock/s/20150623/170622496464.shtml完成
connect mysql sinaData suc!
insert suc!
下载y页面 url: http://finance.sina.com.cn/stock/t/20150620/031922481614.shtml完成
connect mysql sinaData suc!
insert suc!
下载y页面 url: http://finance.sina.com.cn/stock/t/20150620/021422480992.shtml完成
connect mysql sinaData suc!
insert suc!
下载y页面 url: http://finance.sina.com.cn/stock/hyyj/20150620/021422480993.shtml完成
connect mysql sinaData suc!
insert suc!
下载y页面 url: http://finance.sina.com.cn/stock/s/20150616/065322441854.shtml完成
connect mysql sinaData suc!
insert suc!
下载y页面 url: http://finance.sina.com.cn/stock/t/20150616/033922440074.shtml完成
connect mysql sinaData suc!
insert suc!
下载y页面 url: http://finance.sina.com.cn/stock/s/20150707/225122615951.shtml完成
connect mysql sinaData suc!
insert suc!
下载y页面 url: http://finance.sina.com.cn/stock/t/20150709/073922634163.shtml完成
connect mysql sinaData suc!
insert suc!
下载y页面 url: http://finance.sina.com.cn/stock/s/20150716/071022701811.shtml完成
connect mysql sinaData suc!
insert suc!
下载y页面 url: http://finance.sina.com.cn/stock/s/20150721/172122751920.shtml完成
connect mysql sinaData suc!
insert suc!
下载y页面 url: http://finance.sina.com.cn/stock/hyyj/20150630/162322554371.shtml完成
connect mysql sinaData suc!
insert suc!
下载y页面 url: http://finance.sina.com.cn/stock/s/20150630/171722554649.shtml完成
connect mysql sinaData suc!
insert suc!
下载y页面 url: http://finance.sina.com.cn/stock/s/20150701/072222560237.shtml完成
connect mysql sinaData suc!
insert suc!
下载y页面 url: http://finance.sina.com.cn/stock/s/20150715/073822690538.shtml完成
connect mysql sinaData suc!
insert suc!
下载y页面 url: http://finance.sina.com.cn/stock/t/20150528/143122290139.shtml完成
connect mysql sinaData suc!
insert suc!
下载y页面 url: http://finance.sina.com.cn/stock/companyresearch/20150528/165822291611.shtml完成
connect mysql sinaData suc!
insert suc!
下载y页面 url: http://finance.sina.com.cn/stock/s/20150528/180622292082.shtml完成
connect mysql sinaData suc!
insert suc!
下载y页面 url: http://finance.sina.com.cn/stock/s/20150528/180622292088.shtml完成
connect mysql sinaData suc!
insert suc!
下载y页面 url: http://finance.sina.com.cn/stock/t/20150529/024022294777.shtml完成
connect mysql sinaData suc!
insert suc!
下载y页面 url: http://finance.sina.com.cn/stock/s/20150529/073122296209.shtml完成
connect mysql sinaData suc!
insert suc!
下载y页面 url: http://finance.sina.com.cn/stock/t/20150603/151122338447.shtml完成
connect mysql sinaData suc!
insert suc!
下载y页面 url: http://finance.sina.com.cn/stock/gegupingji/20150603/151122338785.shtml完成
connect mysql sinaData suc!
insert suc!
下载x页面 url: http://vip.stock.finance.sina.com.cn/corp/view/vCB_AllNewsStock.php?symbol=sz002620&Page=2完成
getting title's text and href
[u'http://finance.sina.com.cn/stock/s/20150527/073322276513.shtml']
股海导航 5月27日沪深股市公告提示
http://finance.sina.com.cn/stock/s/20150527/073322276513.shtml
request Y href http://finance.sina.com.cn/stock/s/20150527/073322276513.shtml
下载y页面 url: http://finance.sina.com.cn/stock/t/20150603/152722338700.shtml完成
connect mysql sinaData suc!
insert suc!
下载y页面 url: http://finance.sina.com.cn/stock/t/20150603/152922338695.shtml完成
connect mysql sinaData suc!
insert suc!
[u'http://finance.sina.com.cn/stock/t/20150527/040422274902.shtml']
深圳瑞和建筑装饰股份有限公司公告（系列）
http://finance.sina.com.cn/stock/t/20150527/040422274902.shtml
request Y href http://finance.sina.com.cn/stock/t/20150527/040422274902.shtml
[u'http://finance.sina.com.cn/stock/t/20150527/031922274492.shtml']
深圳瑞和建筑装饰股份有限公司重大事项复牌公告
http://finance.sina.com.cn/stock/t/20150527/031922274492.shtml
request Y href http://finance.sina.com.cn/stock/t/20150527/031922274492.shtml
[u'http://finance.sina.com.cn/stock/t/20150526/220422272621.shtml']
[公司]瑞和股份子公司拟合资投建光伏电站
http://finance.sina.com.cn/stock/t/20150526/220422272621.shtml
request Y href http://finance.sina.com.cn/stock/t/20150526/220422272621.shtml
[u'http://finance.sina.com.cn/stock/s/20150526/192322271779.shtml']
瑞和股份牵手信义光能 进军光伏新能源领域
http://finance.sina.com.cn/stock/s/20150526/192322271779.shtml
request Y href http://finance.sina.com.cn/stock/s/20150526/192322271779.shtml
[u'http://finance.sina.com.cn/stock/t/20150526/173922271301.shtml']
瑞和股份拟联手信义光能合作光伏发电项目
http://finance.sina.com.cn/stock/t/20150526/173922271301.shtml
request Y href http://finance.sina.com.cn/stock/t/20150526/173922271301.shtml
[u'http://finance.sina.com.cn/stock/s/20150526/172222271090.shtml']
5月26日上市公司晚间公告速递
http://finance.sina.com.cn/stock/s/20150526/172222271090.shtml
request Y href http://finance.sina.com.cn/stock/s/20150526/172222271090.shtml
[u'http://finance.sina.com.cn/stock/hyyj/20150522/154122245205.shtml']
5大知名券商下周一看好6板块37股(名单)
http://finance.sina.com.cn/stock/hyyj/20150522/154122245205.shtml
request Y href http://finance.sina.com.cn/stock/hyyj/20150522/154122245205.shtml
[u'http://finance.sina.com.cn/stock/hyyj/20150521/165922236216.shtml']
建筑工程行业:传统业务放缓 行业转型出现多米诺骨牌效应
http://finance.sina.com.cn/stock/hyyj/20150521/165922236216.shtml
request Y href http://finance.sina.com.cn/stock/hyyj/20150521/165922236216.shtml
[u'http://finance.sina.com.cn/stock/s/20150521/065622231686.shtml']
股海导航 5月21日沪深股市公告提示
http://finance.sina.com.cn/stock/s/20150521/065622231686.shtml
request Y href http://finance.sina.com.cn/stock/s/20150521/065622231686.shtml
[u'http://finance.sina.com.cn/stock/t/20150521/022022229942.shtml']
深圳瑞和建筑装饰股份有限公司停牌公告
http://finance.sina.com.cn/stock/t/20150521/022022229942.shtml
request Y href http://finance.sina.com.cn/stock/t/20150521/022022229942.shtml
[u'http://finance.sina.com.cn/stock/s/20150520/171522226747.shtml']
5月20日上市公司晚间公告速递
http://finance.sina.com.cn/stock/s/20150520/171522226747.shtml
request Y href http://finance.sina.com.cn/stock/s/20150520/171522226747.shtml
[u'http://finance.sina.com.cn/stock/hyyj/20150512/162622162933.shtml']
建筑装饰行业:进一步降息对建筑行业构成实质利好
http://finance.sina.com.cn/stock/hyyj/20150512/162622162933.shtml
request Y href http://finance.sina.com.cn/stock/hyyj/20150512/162622162933.shtml
下载y页面 url: http://finance.sina.com.cn/stock/s/20150603/171422339639.shtml完成
connect mysql sinaData suc!
insert suc!
下载y页面 url: http://finance.sina.com.cn/stock/gegupingji/20150603/173822339975.shtml完成
connect mysql sinaData suc!
insert suc!
下载y页面 url: http://finance.sina.com.cn/stock/hyyj/20150604/012322341876.shtml完成
connect mysql sinaData suc!
insert suc!
下载y页面 url: http://finance.sina.com.cn/stock/s/20150604/065022345476.shtml完成
connect mysql sinaData suc!
insert suc!
下载y页面 url: http://finance.sina.com.cn/stock/s/20150608/190822377542.shtml完成
connect mysql sinaData suc!
insert suc!
下载y页面 url: http://finance.sina.com.cn/stock/t/20150608/205222378109.shtml完成
connect mysql sinaData suc!
insert suc!
[u'http://finance.sina.com.cn/stock/hyyj/20150512/111922161697.shtml']
建筑工程行业:调整迎来买入良机 重点推荐装饰园林
http://finance.sina.com.cn/stock/hyyj/20150512/111922161697.shtml
request Y href http://finance.sina.com.cn/stock/hyyj/20150512/111922161697.shtml
[u'http://finance.sina.com.cn/stock/hyyj/20150507/165822129046.shtml']
建筑行业:三条主线寻股 仍聚焦估值提升
http://finance.sina.com.cn/stock/hyyj/20150507/165822129046.shtml
request Y href http://finance.sina.com.cn/stock/hyyj/20150507/165822129046.shtml
[u'http://finance.sina.com.cn/stock/s/20150505/065622105754.shtml']
股海导航 5月5日沪深股市公告提示
http://finance.sina.com.cn/stock/s/20150505/065622105754.shtml
request Y href http://finance.sina.com.cn/stock/s/20150505/065622105754.shtml
[u'http://finance.sina.com.cn/stock/s/20150504/170422101328.shtml']
5月4日上市公司晚间公告速递
http://finance.sina.com.cn/stock/s/20150504/170422101328.shtml
request Y href http://finance.sina.com.cn/stock/s/20150504/170422101328.shtml
[u'http://finance.sina.com.cn/stock/t/20150504/165422101371.shtml']
5月4日晚间沪深两市重要公司公告（更新中）
http://finance.sina.com.cn/stock/t/20150504/165422101371.shtml
request Y href http://finance.sina.com.cn/stock/t/20150504/165422101371.shtml
[u'http://finance.sina.com.cn/stock/t/20150504/161322101065.shtml']
瑞和股份设立创业投资子公司
http://finance.sina.com.cn/stock/t/20150504/161322101065.shtml
request Y href http://finance.sina.com.cn/stock/t/20150504/161322101065.shtml
[u'http://finance.sina.com.cn/stock/gujiayidong/20150504/132122099480.shtml']
快讯：工程建筑板块拉升 中国建筑等3股涨停
http://finance.sina.com.cn/stock/gujiayidong/20150504/132122099480.shtml
request Y href http://finance.sina.com.cn/stock/gujiayidong/20150504/132122099480.shtml
[u'http://finance.sina.com.cn/stock/s/20150429/170322075050.shtml']
4月29日上市公司晚间公告速递
http://finance.sina.com.cn/stock/s/20150429/170322075050.shtml
request Y href http://finance.sina.com.cn/stock/s/20150429/170322075050.shtml
[u'http://finance.sina.com.cn/stock/t/20150425/031922042521.shtml']
深圳瑞和建筑装饰股份有限公司
http://finance.sina.com.cn/stock/t/20150425/031922042521.shtml
request Y href http://finance.sina.com.cn/stock/t/20150425/031922042521.shtml
[u'http://finance.sina.com.cn/china/20150419/162721990836.shtml']
广东自贸区4月21日南沙挂牌 深圳前海紧随其后
http://finance.sina.com.cn/china/20150419/162721990836.shtml
request Y href http://finance.sina.com.cn/china/20150419/162721990836.shtml
[u'http://finance.sina.com.cn/stock/t/20150411/011921931910.shtml']
深圳瑞和建筑装饰股份有限公司2015年第三次临时股东大会决议公告
http://finance.sina.com.cn/stock/t/20150411/011921931910.shtml
request Y href http://finance.sina.com.cn/stock/t/20150411/011921931910.shtml
[u'http://finance.sina.com.cn/stock/s/20150410/180221929888.shtml']
4月10日上市公司晚间公告速递
http://finance.sina.com.cn/stock/s/20150410/180221929888.shtml
request Y href http://finance.sina.com.cn/stock/s/20150410/180221929888.shtml
[u'http://finance.sina.com.cn/stock/hyyj/20150408/090421905918.shtml']
深圳本地股站上风口 未来仍可看高一线
http://finance.sina.com.cn/stock/hyyj/20150408/090421905918.shtml
request Y href http://finance.sina.com.cn/stock/hyyj/20150408/090421905918.shtml
[u'http://finance.sina.com.cn/stock/hyyj/20150407/073821896155.shtml']
多重利好叠加 广东上市公司引领时代大潮
http://finance.sina.com.cn/stock/hyyj/20150407/073821896155.shtml
request Y href http://finance.sina.com.cn/stock/hyyj/20150407/073821896155.shtml
[u'http://finance.sina.com.cn/stock/t/20150321/012021772896.shtml']
深圳瑞和建筑装饰股份有限公司
http://finance.sina.com.cn/stock/t/20150321/012021772896.shtml
request Y href http://finance.sina.com.cn/stock/t/20150321/012021772896.shtml
下载y页面 url: http://finance.sina.com.cn/stock/t/20150609/023922380788.shtml完成
connect mysql sinaData suc!
insert suc!
下载y页面 url: http://finance.sina.com.cn/stock/s/20150609/171522387852.shtml完成
connect mysql sinaData suc!
insert suc!
下载y页面 url: http://finance.sina.com.cn/stock/hyyj/20150610/162322398642.shtml完成
connect mysql sinaData suc!
insert suc!
下载y页面 url: http://finance.sina.com.cn/stock/t/20150609/044422381753.shtml完成
connect mysql sinaData suc!
insert suc!
[u'http://finance.sina.com.cn/stock/s/20150320/183821770992.shtml']
3月20日上市公司晚间公告速递
http://finance.sina.com.cn/stock/s/20150320/183821770992.shtml
request Y href http://finance.sina.com.cn/stock/s/20150320/183821770992.shtml
[u'http://finance.sina.com.cn/stock/stockptd/20150319/075721756628.shtml']
广东自贸区挂牌在即 多家上市公司分享政策红利
http://finance.sina.com.cn/stock/stockptd/20150319/075721756628.shtml
request Y href http://finance.sina.com.cn/stock/stockptd/20150319/075721756628.shtml
[u'http://finance.sina.com.cn/stock/s/20150318/065821746505.shtml']
股海导航 3月18日沪深股市公告提示
http://finance.sina.com.cn/stock/s/20150318/065821746505.shtml
request Y href http://finance.sina.com.cn/stock/s/20150318/065821746505.shtml
[u'http://finance.sina.com.cn/stock/t/20150318/011921744318.shtml']
深圳瑞和建筑装饰股份有限公司关于签订建设工程施工合同的公告
http://finance.sina.com.cn/stock/t/20150318/011921744318.shtml
request Y href http://finance.sina.com.cn/stock/t/20150318/011921744318.shtml
[u'http://finance.sina.com.cn/stock/t/20150317/181821742225.shtml']
瑞和股份签3800万元大佛寺施工合同
http://finance.sina.com.cn/stock/t/20150317/181821742225.shtml
request Y href http://finance.sina.com.cn/stock/t/20150317/181821742225.shtml
[u'http://finance.sina.com.cn/stock/s/20150317/172921741938.shtml']
3月17日上市公司晚间公告速递
http://finance.sina.com.cn/stock/s/20150317/172921741938.shtml
request Y href http://finance.sina.com.cn/stock/s/20150317/172921741938.shtml
[u'http://finance.sina.com.cn/stock/t/20150317/161821741650.shtml']
[公司]瑞和股份与大佛寺签3800万施工合同
http://finance.sina.com.cn/stock/t/20150317/161821741650.shtml
request Y href http://finance.sina.com.cn/stock/t/20150317/161821741650.shtml
[u'http://finance.sina.com.cn/stock/s/20150313/070121712843.shtml']
股海导航 3月13日沪深股市公告提示
http://finance.sina.com.cn/stock/s/20150313/070121712843.shtml
request Y href http://finance.sina.com.cn/stock/s/20150313/070121712843.shtml
[u'http://finance.sina.com.cn/stock/s/20150312/170021707898.shtml']
3月12日上市公司晚间公告速递
http://finance.sina.com.cn/stock/s/20150312/170021707898.shtml
request Y href http://finance.sina.com.cn/stock/s/20150312/170021707898.shtml
[u'http://finance.sina.com.cn/stock/t/20150312/091521703959.shtml']
[数据]12日深市上市公司网络投票特别提示
http://finance.sina.com.cn/stock/t/20150312/091521703959.shtml
request Y href http://finance.sina.com.cn/stock/t/20150312/091521703959.shtml
[u'http://finance.sina.com.cn/stock/s/20150310/071321684471.shtml']
股海导航 3月10日沪深股市公告提示
http://finance.sina.com.cn/stock/s/20150310/071321684471.shtml
request Y href http://finance.sina.com.cn/stock/s/20150310/071321684471.shtml
[u'http://finance.sina.com.cn/stock/s/20150309/171021679631.shtml']
3月9日上市公司晚间公告速递
http://finance.sina.com.cn/stock/s/20150309/171021679631.shtml
request Y href http://finance.sina.com.cn/stock/s/20150309/171021679631.shtml
下载y页面 url: http://finance.sina.com.cn/stock/hyyj/20150611/070822404625.shtml完成
connect mysql sinaData suc!
insert suc!
下载y页面 url: http://finance.sina.com.cn/stock/s/20150615/170422436074.shtml完成
connect mysql sinaData suc!
insert suc!
下载y页面 url: http://finance.sina.com.cn/stock/s/20150722/064522757378.shtml完成
connect mysql sinaData suc!
insert suc!
下载y页面 url: http://finance.sina.com.cn/stock/s/20150609/073722383129.shtml完成
connect mysql sinaData suc!
insert suc!
下载y页面 url: http://finance.sina.com.cn/stock/s/20150527/073322276513.shtml完成
connect mysql sinaData suc!
insert suc!
下载y页面 url: http://finance.sina.com.cn/stock/hyyj/20150512/162622162933.shtml完成
connect mysql sinaData suc!
insert suc!
下载y页面 url: http://finance.sina.com.cn/stock/s/20150520/171522226747.shtml完成
connect mysql sinaData suc!
insert suc!
下载y页面 url: http://finance.sina.com.cn/stock/t/20150521/022022229942.shtml完成
connect mysql sinaData suc!
insert suc!
下载y页面 url: http://finance.sina.com.cn/stock/hyyj/20150521/165922236216.shtml完成
connect mysql sinaData suc!
insert suc!
下载y页面 url: http://finance.sina.com.cn/stock/hyyj/20150522/154122245205.shtml完成
connect mysql sinaData suc!
insert suc!
下载y页面 url: http://finance.sina.com.cn/stock/s/20150526/172222271090.shtml完成
connect mysql sinaData suc!
insert suc!
下载y页面 url: http://finance.sina.com.cn/stock/s/20150521/065622231686.shtml完成
connect mysql sinaData suc!
insert suc!
下载y页面 url: http://finance.sina.com.cn/stock/t/20150526/173922271301.shtml完成
connect mysql sinaData suc!
insert suc!
下载y页面 url: http://finance.sina.com.cn/stock/s/20150526/192322271779.shtml完成
connect mysql sinaData suc!
insert suc!
下载y页面 url: http://finance.sina.com.cn/stock/t/20150526/220422272621.shtml完成
connect mysql sinaData suc!
insert suc!
下载y页面 url: http://finance.sina.com.cn/stock/t/20150527/031922274492.shtml完成
connect mysql sinaData suc!
insert suc!
下载y页面 url: http://finance.sina.com.cn/stock/t/20150321/012021772896.shtml完成
connect mysql sinaData suc!
insert suc!
下载y页面 url: http://finance.sina.com.cn/stock/hyyj/20150407/073821896155.shtml完成
connect mysql sinaData suc!
insert suc!
下载y页面 url: http://finance.sina.com.cn/stock/hyyj/20150408/090421905918.shtml完成
connect mysql sinaData suc!
insert suc!
下载y页面 url: http://finance.sina.com.cn/stock/s/20150410/180221929888.shtml完成
connect mysql sinaData suc!
insert suc!
下载y页面 url: http://finance.sina.com.cn/stock/s/20150309/171021679631.shtml完成
connect mysql sinaData suc!
insert suc!
下载y页面 url: http://finance.sina.com.cn/stock/s/20150310/071321684471.shtml完成
connect mysql sinaData suc!
insert suc!
下载y页面 url: http://finance.sina.com.cn/stock/t/20150312/091521703959.shtml完成
connect mysql sinaData suc!
insert suc!
下载y页面 url: http://finance.sina.com.cn/stock/s/20150312/170021707898.shtml完成
connect mysql sinaData suc!
insert suc!
下载y页面 url: http://finance.sina.com.cn/stock/s/20150313/070121712843.shtml完成
connect mysql sinaData suc!
insert suc!
下载y页面 url: http://finance.sina.com.cn/stock/t/20150317/161821741650.shtml完成
connect mysql sinaData suc!
insert suc!
下载y页面 url: http://finance.sina.com.cn/stock/s/20150317/172921741938.shtml完成
connect mysql sinaData suc!
insert suc!
下载y页面 url: http://finance.sina.com.cn/stock/t/20150317/181821742225.shtml完成
connect mysql sinaData suc!
insert suc!
下载y页面 url: http://finance.sina.com.cn/stock/t/20150318/011921744318.shtml完成
connect mysql sinaData suc!
insert suc!
下载y页面 url: http://finance.sina.com.cn/stock/s/20150318/065821746505.shtml完成
connect mysql sinaData suc!
insert suc!
下载x页面 url: http://vip.stock.finance.sina.com.cn/corp/view/vCB_AllNewsStock.php?symbol=sz002620&Page=3完成
getting title's text and href
[u'http://finance.sina.com.cn/stock/t/20150309/164221679599.shtml']
[公司]瑞和股份保荐代表人变更 因工作变动
http://finance.sina.com.cn/stock/t/20150309/164221679599.shtml
request Y href http://finance.sina.com.cn/stock/t/20150309/164221679599.shtml
下载y页面 url: http://finance.sina.com.cn/stock/stockptd/20150319/075721756628.shtml完成
connect mysql sinaData suc!
insert suc!
下载y页面 url: http://finance.sina.com.cn/stock/s/20150320/183821770992.shtml完成
connect mysql sinaData suc!
insert suc!
下载y页面 url: http://finance.sina.com.cn/stock/t/20150411/011921931910.shtml完成
connect mysql sinaData suc!
insert suc!
下载y页面 url: http://finance.sina.com.cn/china/20150419/162721990836.shtml完成
connect mysql sinaData suc!
insert suc!
下载y页面 url: http://finance.sina.com.cn/stock/t/20150425/031922042521.shtml完成
connect mysql sinaData suc!
insert suc!
[u'http://finance.sina.com.cn/stock/s/20150213/172721550183.shtml']
2月13日上市公司晚间公告速递
http://finance.sina.com.cn/stock/s/20150213/172721550183.shtml
request Y href http://finance.sina.com.cn/stock/s/20150213/172721550183.shtml
[u'http://finance.sina.com.cn/china/dfjj/20150211/015921524253.shtml']
吉林政府报告提出申报自贸区 分析称获批希望较大
http://finance.sina.com.cn/china/dfjj/20150211/015921524253.shtml
request Y href http://finance.sina.com.cn/china/dfjj/20150211/015921524253.shtml
[u'http://finance.sina.com.cn/china/dfjj/20150210/134421519365.shtml']
广东自贸区方案与部委达成共识 预计近期获批
http://finance.sina.com.cn/china/dfjj/20150210/134421519365.shtml
request Y href http://finance.sina.com.cn/china/dfjj/20150210/134421519365.shtml
[u'http://finance.sina.com.cn/stock/t/20150130/095121436701.shtml']
[公司]瑞和股份:暂时没有进军家装市场计划
http://finance.sina.com.cn/stock/t/20150130/095121436701.shtml
request Y href http://finance.sina.com.cn/stock/t/20150130/095121436701.shtml
[u'http://finance.sina.com.cn/stock/t/20150123/154621383701.shtml']
[互动]瑞和股份:园林领域将是拓展方向之一
http://finance.sina.com.cn/stock/t/20150123/154621383701.shtml
request Y href http://finance.sina.com.cn/stock/t/20150123/154621383701.shtml
[u'http://finance.sina.com.cn/stock/s/20150116/065721312718.shtml']
股海导航 1月16日沪深股市公告提示
http://finance.sina.com.cn/stock/s/20150116/065721312718.shtml
request Y href http://finance.sina.com.cn/stock/s/20150116/065721312718.shtml
[u'http://finance.sina.com.cn/stock/s/20150115/165421307233.shtml']
1月15日上市公司晚间公告速递
http://finance.sina.com.cn/stock/s/20150115/165421307233.shtml
request Y href http://finance.sina.com.cn/stock/s/20150115/165421307233.shtml
[u'http://finance.sina.com.cn/stock/s/20150106/155621235740.shtml']
20亿以下市值股增至128只 关注绩优增长股
http://finance.sina.com.cn/stock/s/20150106/155621235740.shtml
request Y href http://finance.sina.com.cn/stock/s/20150106/155621235740.shtml
[u'http://finance.sina.com.cn/stock/gujiayidong/20141222/093421132311.shtml']
建筑板块强势上涨 中国中铁等3股涨停
http://finance.sina.com.cn/stock/gujiayidong/20141222/093421132311.shtml
request Y href http://finance.sina.com.cn/stock/gujiayidong/20141222/093421132311.shtml
[u'http://finance.sina.com.cn/stock/t/20141219/085121116873.shtml']
[数据]19日深市上市公司网络投票特别提示
http://finance.sina.com.cn/stock/t/20141219/085121116873.shtml
request Y href http://finance.sina.com.cn/stock/t/20141219/085121116873.shtml
[u'http://finance.sina.com.cn/stock/t/20141218/075921106064.shtml']
深圳瑞和建筑装饰股份有限公司公告（系列）
http://finance.sina.com.cn/stock/t/20141218/075921106064.shtml
request Y href http://finance.sina.com.cn/stock/t/20141218/075921106064.shtml
[u'http://finance.sina.com.cn/stock/t/20141218/011921102805.shtml']
深圳瑞和建筑装饰股份有限公司第二届董事会2014年第九次会议决议公告
http://finance.sina.com.cn/stock/t/20141218/011921102805.shtml
request Y href http://finance.sina.com.cn/stock/t/20141218/011921102805.shtml
[u'http://finance.sina.com.cn/stock/s/20141217/165121100015.shtml']
12月17日上市公司晚间公告速递
http://finance.sina.com.cn/stock/s/20141217/165121100015.shtml
request Y href http://finance.sina.com.cn/stock/s/20141217/165121100015.shtml
[u'http://finance.sina.com.cn/stock/s/20141215/165521080214.shtml']
12月15日上市公司晚间公告速递
http://finance.sina.com.cn/stock/s/20141215/165521080214.shtml
request Y href http://finance.sina.com.cn/stock/s/20141215/165521080214.shtml
[u'http://finance.sina.com.cn/stock/s/20141128/064520944797.shtml']
股海导航 11月28日沪深股市公告提示
http://finance.sina.com.cn/stock/s/20141128/064520944797.shtml
request Y href http://finance.sina.com.cn/stock/s/20141128/064520944797.shtml
[u'http://finance.sina.com.cn/stock/t/20141128/015020942105.shtml']
深圳瑞和建筑装饰股份有限公司第二届董事会2014年第八次会议决议公告
http://finance.sina.com.cn/stock/t/20141128/015020942105.shtml
request Y href http://finance.sina.com.cn/stock/t/20141128/015020942105.shtml
[u'http://finance.sina.com.cn/stock/t/20141127/195020939914.shtml']
瑞和股份拟在前海深港合作区投设子公司
http://finance.sina.com.cn/stock/t/20141127/195020939914.shtml
request Y href http://finance.sina.com.cn/stock/t/20141127/195020939914.shtml
[u'http://finance.sina.com.cn/stock/s/20141127/165420938663.shtml']
11月27日上市公司晚间公告速递
http://finance.sina.com.cn/stock/s/20141127/165420938663.shtml
request Y href http://finance.sina.com.cn/stock/s/20141127/165420938663.shtml
下载y页面 url: http://finance.sina.com.cn/stock/s/20150429/170322075050.shtml完成
connect mysql sinaData suc!
insert suc!
下载y页面 url: http://finance.sina.com.cn/stock/gujiayidong/20150504/132122099480.shtml完成
connect mysql sinaData suc!
insert suc!
下载y页面 url: http://finance.sina.com.cn/stock/t/20150504/161322101065.shtml完成
connect mysql sinaData suc!
insert suc!
下载y页面 url: http://finance.sina.com.cn/stock/t/20150504/165422101371.shtml完成
connect mysql sinaData suc!
insert suc!
下载y页面 url: http://finance.sina.com.cn/stock/s/20150504/170422101328.shtml完成
connect mysql sinaData suc!
insert suc!
[u'http://finance.sina.com.cn/china/dfjj/20141118/225420854046.shtml']
权威人士：广东自贸区不设两份负面清单
http://finance.sina.com.cn/china/dfjj/20141118/225420854046.shtml
request Y href http://finance.sina.com.cn/china/dfjj/20141118/225420854046.shtml
[u'http://finance.sina.com.cn/stock/t/20141118/111220849565.shtml']
[传闻求证]中瑞思创产品用于物流领域？
http://finance.sina.com.cn/stock/t/20141118/111220849565.shtml
request Y href http://finance.sina.com.cn/stock/t/20141118/111220849565.shtml
[u'http://finance.sina.com.cn/stock/s/20141117/181120841231.shtml']
11月17日晚间上市公司利好消息一览
http://finance.sina.com.cn/stock/s/20141117/181120841231.shtml
request Y href http://finance.sina.com.cn/stock/s/20141117/181120841231.shtml
[u'http://finance.sina.com.cn/stock/t/20141117/180220841219.shtml']
瑞和股份获近1.3亿机电及室内装修工程
http://finance.sina.com.cn/stock/t/20141117/180220841219.shtml
request Y href http://finance.sina.com.cn/stock/t/20141117/180220841219.shtml
[u'http://finance.sina.com.cn/stock/t/20141117/172320841207.shtml']
[公司]瑞和股份签1.3亿酒店工程施工合同
http://finance.sina.com.cn/stock/t/20141117/172320841207.shtml
request Y href http://finance.sina.com.cn/stock/t/20141117/172320841207.shtml
[u'http://finance.sina.com.cn/stock/s/20141117/171120840842.shtml']
11月17日上市公司晚间公告速递
http://finance.sina.com.cn/stock/s/20141117/171120840842.shtml
request Y href http://finance.sina.com.cn/stock/s/20141117/171120840842.shtml
[u'http://finance.sina.com.cn/stock/t/20141117/160920840403.shtml']
[互动]瑞和股份:公装及精装修发展前景乐观
http://finance.sina.com.cn/stock/t/20141117/160920840403.shtml
request Y href http://finance.sina.com.cn/stock/t/20141117/160920840403.shtml
[u'http://finance.sina.com.cn/stock/t/20141114/162120822135.shtml']
[公司]瑞和股份:目前公司订单情况较为理想
http://finance.sina.com.cn/stock/t/20141114/162120822135.shtml
request Y href http://finance.sina.com.cn/stock/t/20141114/162120822135.shtml
[u'http://finance.sina.com.cn/stock/hyyj/20141113/085320805499.shtml']
广东国资改革方案落地 概念股蓄势待发
http://finance.sina.com.cn/stock/hyyj/20141113/085320805499.shtml
request Y href http://finance.sina.com.cn/stock/hyyj/20141113/085320805499.shtml
[u'http://finance.sina.com.cn/stock/hyyj/20141113/013420801737.shtml']
广东国企改革方案落地 机构趁涨甩卖概念股
http://finance.sina.com.cn/stock/hyyj/20141113/013420801737.shtml
request Y href http://finance.sina.com.cn/stock/hyyj/20141113/013420801737.shtml
[u'http://finance.sina.com.cn/stock/t/20141112/090320795051.shtml']
[数据]12日深市上市公司网络投票特别提示
http://finance.sina.com.cn/stock/t/20141112/090320795051.shtml
request Y href http://finance.sina.com.cn/stock/t/20141112/090320795051.shtml
[u'http://finance.sina.com.cn/stock/t/20141111/092120784763.shtml']
[数据]11日深市上市公司网络投票特别提示
http://finance.sina.com.cn/stock/t/20141111/092120784763.shtml
request Y href http://finance.sina.com.cn/stock/t/20141111/092120784763.shtml
[u'http://finance.sina.com.cn/stock/t/20141110/093420775137.shtml']
[数据]10日深市上市公司网络投票特别提示
http://finance.sina.com.cn/stock/t/20141110/093420775137.shtml
request Y href http://finance.sina.com.cn/stock/t/20141110/093420775137.shtml
[u'http://finance.sina.com.cn/stock/s/20141106/065620745790.shtml']
股海导航 11月6日沪深股市公告提示
http://finance.sina.com.cn/stock/s/20141106/065620745790.shtml
request Y href http://finance.sina.com.cn/stock/s/20141106/065620745790.shtml
[u'http://finance.sina.com.cn/stock/t/20141106/022020743315.shtml']
深圳瑞和建筑装饰股份有限公司公告（系列）
http://finance.sina.com.cn/stock/t/20141106/022020743315.shtml
request Y href http://finance.sina.com.cn/stock/t/20141106/022020743315.shtml
[u'http://finance.sina.com.cn/stock/t/20141106/010020742090.shtml']
深圳瑞和建筑装饰股份有限公司第二届董事会2014年第七次会议决议公告
http://finance.sina.com.cn/stock/t/20141106/010020742090.shtml
request Y href http://finance.sina.com.cn/stock/t/20141106/010020742090.shtml
[u'http://finance.sina.com.cn/stock/s/20141105/170920739741.shtml']
11月5日上市公司晚间公告速递
http://finance.sina.com.cn/stock/s/20141105/170920739741.shtml
request Y href http://finance.sina.com.cn/stock/s/20141105/170920739741.shtml
[u'http://finance.sina.com.cn/stock/gujiayidong/20141104/102620725719.shtml']
建筑板块大幅上涨 中国交建等4股涨停
http://finance.sina.com.cn/stock/gujiayidong/20141104/102620725719.shtml
request Y href http://finance.sina.com.cn/stock/gujiayidong/20141104/102620725719.shtml
[u'http://finance.sina.com.cn/stock/t/20141024/033220626768.shtml']
深圳瑞和建筑装饰股份有限公司
http://finance.sina.com.cn/stock/t/20141024/033220626768.shtml
request Y href http://finance.sina.com.cn/stock/t/20141024/033220626768.shtml
下载y页面 url: http://finance.sina.com.cn/stock/s/20150505/065622105754.shtml完成
connect mysql sinaData suc!
insert suc!
下载y页面 url: http://finance.sina.com.cn/stock/hyyj/20150507/165822129046.shtml完成
connect mysql sinaData suc!
insert suc!
下载y页面 url: http://finance.sina.com.cn/stock/hyyj/20150512/111922161697.shtml完成
connect mysql sinaData suc!
insert suc!
[u'http://finance.sina.com.cn/stock/s/20140930/041020449420.shtml']
六家公司今限售股解禁
http://finance.sina.com.cn/stock/s/20140930/041020449420.shtml
request Y href http://finance.sina.com.cn/stock/s/20140930/041020449420.shtml
[u'http://finance.sina.com.cn/stock/t/20140929/122020442822.shtml']
瑞和股份签订3亿元施工合同
http://finance.sina.com.cn/stock/t/20140929/122020442822.shtml
request Y href http://finance.sina.com.cn/stock/t/20140929/122020442822.shtml
下载y页面 url: http://finance.sina.com.cn/stock/t/20150527/040422274902.shtml完成
connect mysql sinaData suc!
insert suc!
下载y页面 url: http://finance.sina.com.cn/stock/t/20150309/164221679599.shtml完成
connect mysql sinaData suc!
insert suc!
下载y页面 url: http://finance.sina.com.cn/stock/s/20141128/064520944797.shtml完成
connect mysql sinaData suc!
insert suc!
下载y页面 url: http://finance.sina.com.cn/stock/t/20141127/195020939914.shtml完成
connect mysql sinaData suc!
insert suc!
下载y页面 url: http://finance.sina.com.cn/stock/t/20141128/015020942105.shtml完成
connect mysql sinaData suc!
insert suc!
下载y页面 url: http://finance.sina.com.cn/stock/t/20141218/011921102805.shtml完成
connect mysql sinaData suc!
insert suc!
下载y页面 url: http://finance.sina.com.cn/stock/t/20141218/075921106064.shtml完成
connect mysql sinaData suc!
insert suc!
下载y页面 url: http://finance.sina.com.cn/stock/s/20141127/165420938663.shtml完成
connect mysql sinaData suc!
insert suc!
下载y页面 url: http://finance.sina.com.cn/stock/s/20141215/165521080214.shtml完成
connect mysql sinaData suc!
insert suc!
下载y页面 url: http://finance.sina.com.cn/stock/s/20141217/165121100015.shtml完成
connect mysql sinaData suc!
insert suc!
下载y页面 url: http://finance.sina.com.cn/stock/t/20141219/085121116873.shtml完成
connect mysql sinaData suc!
insert suc!
下载y页面 url: http://finance.sina.com.cn/stock/gujiayidong/20141222/093421132311.shtml完成
connect mysql sinaData suc!
insert suc!
下载y页面 url: http://finance.sina.com.cn/stock/s/20150106/155621235740.shtml完成
connect mysql sinaData suc!
insert suc!
下载y页面 url: http://finance.sina.com.cn/stock/t/20150123/154621383701.shtml完成
connect mysql sinaData suc!
insert suc!
下载y页面 url: http://finance.sina.com.cn/stock/t/20141024/033220626768.shtml完成
connect mysql sinaData suc!
insert suc!
下载y页面 url: http://finance.sina.com.cn/stock/gujiayidong/20141104/102620725719.shtml完成
connect mysql sinaData suc!
insert suc!
下载y页面 url: http://finance.sina.com.cn/stock/s/20150115/165421307233.shtml完成
connect mysql sinaData suc!
insert suc!
下载y页面 url: http://finance.sina.com.cn/stock/t/20140929/122020442822.shtml完成
connect mysql sinaData suc!
insert suc!
下载y页面 url: http://finance.sina.com.cn/stock/s/20150116/065721312718.shtml完成
connect mysql sinaData suc!
insert suc!
下载y页面 url: http://finance.sina.com.cn/stock/s/20140930/041020449420.shtml完成
connect mysql sinaData suc!
insert suc!
下载y页面 url: http://finance.sina.com.cn/stock/s/20141105/170920739741.shtml完成
connect mysql sinaData suc!
insert suc!
下载y页面 url: http://finance.sina.com.cn/stock/t/20141106/010020742090.shtml完成
connect mysql sinaData suc!
insert suc!
下载y页面 url: http://finance.sina.com.cn/stock/t/20141106/022020743315.shtml完成
connect mysql sinaData suc!
insert suc!
下载y页面 url: http://finance.sina.com.cn/stock/t/20141111/092120784763.shtml完成
connect mysql sinaData suc!
insert suc!
下载y页面 url: http://finance.sina.com.cn/stock/t/20141110/093420775137.shtml完成
connect mysql sinaData suc!
insert suc!
下载y页面 url: http://finance.sina.com.cn/stock/t/20141112/090320795051.shtml完成
connect mysql sinaData suc!
insert suc!
下载x页面 url: http://vip.stock.finance.sina.com.cn/corp/view/vCB_AllNewsStock.php?symbol=sz002620&Page=4完成
getting title's text and href
[u'http://finance.sina.com.cn/stock/t/20140929/120920442792.shtml']
瑞和股份签3亿元工程施工合同
http://finance.sina.com.cn/stock/t/20140929/120920442792.shtml
request Y href http://finance.sina.com.cn/stock/t/20140929/120920442792.shtml
下载y页面 url: http://finance.sina.com.cn/stock/s/20141106/065620745790.shtml完成
connect mysql sinaData suc!
insert suc!
下载y页面 url: http://finance.sina.com.cn/stock/hyyj/20141113/013420801737.shtml完成
connect mysql sinaData suc!
insert suc!
下载y页面 url: http://finance.sina.com.cn/stock/hyyj/20141113/085320805499.shtml完成
connect mysql sinaData suc!
insert suc!
[u'http://finance.sina.com.cn/stock/s/20140925/064820407501.shtml']
股海导航 9月25日沪深股市公告提示
http://finance.sina.com.cn/stock/s/20140925/064820407501.shtml
request Y href http://finance.sina.com.cn/stock/s/20140925/064820407501.shtml
[u'http://finance.sina.com.cn/stock/t/20140925/022220405959.shtml']
深圳瑞和建筑装饰股份有限公司首次公开发行前已发行股份上市流通提示性公告 -中国基金报多媒体数字报
http://finance.sina.com.cn/stock/t/20140925/022220405959.shtml
request Y href http://finance.sina.com.cn/stock/t/20140925/022220405959.shtml
[u'http://finance.sina.com.cn/stock/t/20140925/005920404744.shtml']
深圳瑞和建筑装饰股份有限公司首次公开发行前已发行股份上市流通提示性公告
http://finance.sina.com.cn/stock/t/20140925/005920404744.shtml
request Y href http://finance.sina.com.cn/stock/t/20140925/005920404744.shtml
[u'http://finance.sina.com.cn/stock/s/20140924/172120402658.shtml']
9月24日上市公司晚间公告速递
http://finance.sina.com.cn/stock/s/20140924/172120402658.shtml
request Y href http://finance.sina.com.cn/stock/s/20140924/172120402658.shtml
[u'http://finance.sina.com.cn/stock/t/20140922/144620378961.shtml']
[互动]瑞和股份:公司没有参与投资殡葬业务
http://finance.sina.com.cn/stock/t/20140922/144620378961.shtml
request Y href http://finance.sina.com.cn/stock/t/20140922/144620378961.shtml
[u'http://finance.sina.com.cn/stock/hyyj/20140918/032220327474.shtml']
新型城镇化试点激活新热点 三大板块借势扬帆
http://finance.sina.com.cn/stock/hyyj/20140918/032220327474.shtml
request Y href http://finance.sina.com.cn/stock/hyyj/20140918/032220327474.shtml
[u'http://finance.sina.com.cn/stock/gujiayidong/20140917/093820315140.shtml']
快讯：新型城镇化确定62地开展试点 基建股普涨
http://finance.sina.com.cn/stock/gujiayidong/20140917/093820315140.shtml
request Y href http://finance.sina.com.cn/stock/gujiayidong/20140917/093820315140.shtml
[u'http://finance.sina.com.cn/stock/gujiayidong/20140916/112720305368.shtml']
快讯：工程基建板块大幅冲高 中国中冶涨停
http://finance.sina.com.cn/stock/gujiayidong/20140916/112720305368.shtml
request Y href http://finance.sina.com.cn/stock/gujiayidong/20140916/112720305368.shtml
[u'http://finance.sina.com.cn/stock/hyyj/20140825/065920107186.shtml']
改革将为广东国企带来并购重组机会 关联个股机会大
http://finance.sina.com.cn/stock/hyyj/20140825/065920107186.shtml
request Y href http://finance.sina.com.cn/stock/hyyj/20140825/065920107186.shtml
[u'http://finance.sina.com.cn/stock/t/20140823/023620097682.shtml']
深圳瑞和建筑装饰股份有限公司2014半年度报告摘要 -中国基金报多媒体数字报
http://finance.sina.com.cn/stock/t/20140823/023620097682.shtml
request Y href http://finance.sina.com.cn/stock/t/20140823/023620097682.shtml
[u'http://finance.sina.com.cn/stock/s/20140822/170220094286.shtml']
8月22日上市公司晚间公告速递
http://finance.sina.com.cn/stock/s/20140822/170220094286.shtml
request Y href http://finance.sina.com.cn/stock/s/20140822/170220094286.shtml
[u'http://finance.sina.com.cn/stock/newstock/zxdt/20140821/092820077643.shtml']
华懋科技员工参股疑惑待解 入股差3天价格差4倍
http://finance.sina.com.cn/stock/newstock/zxdt/20140821/092820077643.shtml
request Y href http://finance.sina.com.cn/stock/newstock/zxdt/20140821/092820077643.shtml
[u'http://finance.sina.com.cn/stock/stockptd/20140819/082220052136.shtml']
广东国资改革意见出炉 力度超预期
http://finance.sina.com.cn/stock/stockptd/20140819/082220052136.shtml
request Y href http://finance.sina.com.cn/stock/stockptd/20140819/082220052136.shtml
[u'http://finance.sina.com.cn/stock/s/20140811/172019975921.shtml']
葛洲坝高铁项目分包商内讧 疑转包给国家干部
http://finance.sina.com.cn/stock/s/20140811/172019975921.shtml
request Y href http://finance.sina.com.cn/stock/s/20140811/172019975921.shtml
[u'http://finance.sina.com.cn/chanjing/gsnews/20140811/010519966663.shtml']
葛洲坝集团高铁项目分包商内讧 疑转包给国家干部
http://finance.sina.com.cn/chanjing/gsnews/20140811/010519966663.shtml
request Y href http://finance.sina.com.cn/chanjing/gsnews/20140811/010519966663.shtml
[u'http://finance.sina.com.cn/stock/s/20140809/014919959856.shtml']
宝鹰股份董事长被调查 多个潮汕建材商被调查
http://finance.sina.com.cn/stock/s/20140809/014919959856.shtml
request Y href http://finance.sina.com.cn/stock/s/20140809/014919959856.shtml
[u'http://finance.sina.com.cn/stock/s/20140804/064519901661.shtml']
股海导航 8月4日沪深股市公告提示
http://finance.sina.com.cn/stock/s/20140804/064519901661.shtml
request Y href http://finance.sina.com.cn/stock/s/20140804/064519901661.shtml
[u'http://finance.sina.com.cn/stock/s/20140803/172619898221.shtml']
8月3日上市公司晚间公告速递
http://finance.sina.com.cn/stock/s/20140803/172619898221.shtml
request Y href http://finance.sina.com.cn/stock/s/20140803/172619898221.shtml
[u'http://finance.sina.com.cn/stock/hyyj/20140721/105619770584.shtml']
住建部要求加快城市道路桥梁建设改造 7股迎利好
http://finance.sina.com.cn/stock/hyyj/20140721/105619770584.shtml
request Y href http://finance.sina.com.cn/stock/hyyj/20140721/105619770584.shtml
[u'http://finance.sina.com.cn/stock/s/20140716/065019716729.shtml']
股海导航 7月16日沪深股市公告提示
http://finance.sina.com.cn/stock/s/20140716/065019716729.shtml
request Y href http://finance.sina.com.cn/stock/s/20140716/065019716729.shtml
[u'http://finance.sina.com.cn/stock/t/20140715/221519713193.shtml']
[公司]瑞和股份获省住建厅颁发的三项工法证书
http://finance.sina.com.cn/stock/t/20140715/221519713193.shtml
request Y href http://finance.sina.com.cn/stock/t/20140715/221519713193.shtml
[u'http://finance.sina.com.cn/stock/t/20140715/175019711978.shtml']
瑞和股份获得三项省级工法证书
http://finance.sina.com.cn/stock/t/20140715/175019711978.shtml
request Y href http://finance.sina.com.cn/stock/t/20140715/175019711978.shtml
[u'http://finance.sina.com.cn/stock/s/20140715/173119711864.shtml']
7月15日上市公司晚间公告速递
http://finance.sina.com.cn/stock/s/20140715/173119711864.shtml
request Y href http://finance.sina.com.cn/stock/s/20140715/173119711864.shtml
[u'http://finance.sina.com.cn/stock/t/20140715/164819711391.shtml']
瑞和股份取得三项工法证书
http://finance.sina.com.cn/stock/t/20140715/164819711391.shtml
request Y href http://finance.sina.com.cn/stock/t/20140715/164819711391.shtml
[u'http://finance.sina.com.cn/stock/t/20140709/072219648793.shtml']
7月9日早间中小板公告汇总
http://finance.sina.com.cn/stock/t/20140709/072219648793.shtml
request Y href http://finance.sina.com.cn/stock/t/20140709/072219648793.shtml
[u'http://finance.sina.com.cn/stock/s/20140709/065119647816.shtml']
股海导航 7月9日沪深股市公告提示
http://finance.sina.com.cn/stock/s/20140709/065119647816.shtml
request Y href http://finance.sina.com.cn/stock/s/20140709/065119647816.shtml
[u'http://finance.sina.com.cn/stock/t/20140708/214519643861.shtml']
7月8日晚间深市中小板公告一览
http://finance.sina.com.cn/stock/t/20140708/214519643861.shtml
request Y href http://finance.sina.com.cn/stock/t/20140708/214519643861.shtml
[u'http://finance.sina.com.cn/stock/s/20140708/173819642598.shtml']
7月8日上市公司晚间公告速递
http://finance.sina.com.cn/stock/s/20140708/173819642598.shtml
request Y href http://finance.sina.com.cn/stock/s/20140708/173819642598.shtml
[u'http://finance.sina.com.cn/stock/t/20140708/165619642384.shtml']
7月8日晚间深交所公告速递（更新中）
http://finance.sina.com.cn/stock/t/20140708/165619642384.shtml
request Y href http://finance.sina.com.cn/stock/t/20140708/165619642384.shtml
下载y页面 url: http://finance.sina.com.cn/stock/t/20141114/162120822135.shtml完成
connect mysql sinaData suc!
insert suc!
下载y页面 url: http://finance.sina.com.cn/stock/t/20141117/160920840403.shtml完成
connect mysql sinaData suc!
insert suc!
下载y页面 url: http://finance.sina.com.cn/stock/t/20141117/172320841207.shtml完成
connect mysql sinaData suc!
insert suc!
下载y页面 url: http://finance.sina.com.cn/stock/t/20141117/180220841219.shtml完成
connect mysql sinaData suc!
insert suc!
下载y页面 url: http://finance.sina.com.cn/stock/s/20141117/181120841231.shtml完成
connect mysql sinaData suc!
insert suc!
下载y页面 url: http://finance.sina.com.cn/stock/t/20141118/111220849565.shtml完成
connect mysql sinaData suc!
insert suc!
下载y页面 url: http://finance.sina.com.cn/china/dfjj/20141118/225420854046.shtml完成
connect mysql sinaData suc!
insert suc!
[u'http://finance.sina.com.cn/stock/t/20140708/160519641757.shtml']
瑞和股份下修中期业绩预期 预降40%以内
http://finance.sina.com.cn/stock/t/20140708/160519641757.shtml
request Y href http://finance.sina.com.cn/stock/t/20140708/160519641757.shtml
[u'http://finance.sina.com.cn/stock/s/20140619/063219456420.shtml']
股海导航 6月19日沪深股市公告提示
http://finance.sina.com.cn/stock/s/20140619/063219456420.shtml
request Y href http://finance.sina.com.cn/stock/s/20140619/063219456420.shtml
[u'http://finance.sina.com.cn/stock/t/20140619/054819456082.shtml']
深圳瑞和建筑装饰股份有限公司公告（系列）
http://finance.sina.com.cn/stock/t/20140619/054819456082.shtml
request Y href http://finance.sina.com.cn/stock/t/20140619/054819456082.shtml
[u'http://finance.sina.com.cn/stock/t/20140619/010019453519.shtml']
深圳瑞和建筑装饰股份有限公司第二届董事会2014年第三次会议决议公告
http://finance.sina.com.cn/stock/t/20140619/010019453519.shtml
request Y href http://finance.sina.com.cn/stock/t/20140619/010019453519.shtml
[u'http://finance.sina.com.cn/stock/s/20140618/170319451270.shtml']
6月18日上市公司晚间公告速递
http://finance.sina.com.cn/stock/s/20140618/170319451270.shtml
request Y href http://finance.sina.com.cn/stock/s/20140618/170319451270.shtml
[u'http://finance.sina.com.cn/stock/s/20140613/065119400108.shtml']
股海导航 6月13日沪深股市公告提示
http://finance.sina.com.cn/stock/s/20140613/065119400108.shtml
request Y href http://finance.sina.com.cn/stock/s/20140613/065119400108.shtml
[u'http://finance.sina.com.cn/stock/s/20140612/173019394838.shtml']
6月12日上市公司晚间公告速递
http://finance.sina.com.cn/stock/s/20140612/173019394838.shtml
request Y href http://finance.sina.com.cn/stock/s/20140612/173019394838.shtml
[u'http://finance.sina.com.cn/consume/puguangtai/20140612/023919384959.shtml']
东莞臭脚米粉涉事企业停业整顿:照片拍于半年前
http://finance.sina.com.cn/consume/puguangtai/20140612/023919384959.shtml
request Y href http://finance.sina.com.cn/consume/puguangtai/20140612/023919384959.shtml
[u'http://finance.sina.com.cn/china/20140603/005319293165.shtml']
北京楼市或迎实质性降价 库存达2013年来最高点
http://finance.sina.com.cn/china/20140603/005319293165.shtml
request Y href http://finance.sina.com.cn/china/20140603/005319293165.shtml
[u'http://finance.sina.com.cn/stock/gujiayidong/20140522/133019193017.shtml']
雅致股份重组及配套融资获批复 股价一度涨停
http://finance.sina.com.cn/stock/gujiayidong/20140522/133019193017.shtml
request Y href http://finance.sina.com.cn/stock/gujiayidong/20140522/133019193017.shtml
下载y页面 url: http://finance.sina.com.cn/stock/s/20141117/171120840842.shtml完成
connect mysql sinaData suc!
insert suc!
下载y页面 url: http://finance.sina.com.cn/stock/t/20150130/095121436701.shtml完成
connect mysql sinaData suc!
insert suc!
下载y页面 url: http://finance.sina.com.cn/china/dfjj/20150210/134421519365.shtml完成
connect mysql sinaData suc!
insert suc!
下载y页面 url: http://finance.sina.com.cn/china/dfjj/20150211/015921524253.shtml完成
connect mysql sinaData suc!
insert suc!
下载y页面 url: http://finance.sina.com.cn/stock/t/20140929/120920442792.shtml完成
connect mysql sinaData suc!
insert suc!
下载y页面 url: http://finance.sina.com.cn/stock/t/20140708/214519643861.shtml完成
connect mysql sinaData suc!
insert suc!
下载y页面 url: http://finance.sina.com.cn/stock/s/20150213/172721550183.shtml完成
connect mysql sinaData suc!
insert suc!
下载y页面 url: http://finance.sina.com.cn/stock/t/20140709/072219648793.shtml完成
connect mysql sinaData suc!
insert suc!
下载y页面 url: http://finance.sina.com.cn/stock/t/20140708/165619642384.shtml完成
connect mysql sinaData suc!
insert suc!
下载y页面 url: http://finance.sina.com.cn/stock/t/20140715/164819711391.shtml完成
connect mysql sinaData suc!
insert suc!
下载y页面 url: http://finance.sina.com.cn/stock/s/20140709/065119647816.shtml完成
connect mysql sinaData suc!
insert suc!
下载y页面 url: http://finance.sina.com.cn/stock/s/20140715/173119711864.shtml完成
connect mysql sinaData suc!
insert suc!
下载y页面 url: http://finance.sina.com.cn/stock/s/20140708/173819642598.shtml完成
connect mysql sinaData suc!
insert suc!
下载y页面 url: http://finance.sina.com.cn/stock/t/20140715/175019711978.shtml完成
connect mysql sinaData suc!
insert suc!
下载y页面 url: http://finance.sina.com.cn/stock/t/20140715/221519713193.shtml完成
connect mysql sinaData suc!
insert suc!
下载y页面 url: http://finance.sina.com.cn/stock/s/20140716/065019716729.shtml完成
connect mysql sinaData suc!
insert suc!
下载y页面 url: http://finance.sina.com.cn/stock/hyyj/20140721/105619770584.shtml完成
connect mysql sinaData suc!
insert suc!
下载y页面 url: http://finance.sina.com.cn/stock/s/20140803/172619898221.shtml完成
connect mysql sinaData suc!
insert suc!
下载y页面 url: http://finance.sina.com.cn/stock/s/20140804/064519901661.shtml完成
connect mysql sinaData suc!
insert suc!
下载y页面 url: http://finance.sina.com.cn/stock/gujiayidong/20140522/133019193017.shtml完成
connect mysql sinaData suc!
insert suc!
下载y页面 url: http://finance.sina.com.cn/china/20140603/005319293165.shtml完成
connect mysql sinaData suc!
insert suc!
下载y页面 url: http://finance.sina.com.cn/consume/puguangtai/20140612/023919384959.shtml完成
connect mysql sinaData suc!
insert suc!
下载y页面 url: http://finance.sina.com.cn/stock/t/20140619/010019453519.shtml完成
connect mysql sinaData suc!
insert suc!
下载y页面 url: http://finance.sina.com.cn/stock/s/20140612/173019394838.shtml完成
connect mysql sinaData suc!
insert suc!
下载y页面 url: http://finance.sina.com.cn/stock/t/20140619/054819456082.shtml完成
connect mysql sinaData suc!
insert suc!
下载y页面 url: http://finance.sina.com.cn/stock/s/20140613/065119400108.shtml完成
connect mysql sinaData suc!
insert suc!
下载y页面 url: http://finance.sina.com.cn/stock/s/20140618/170319451270.shtml完成
connect mysql sinaData suc!
insert suc!
下载x页面 url: http://vip.stock.finance.sina.com.cn/corp/view/vCB_AllNewsStock.php?symbol=sz002620&Page=5完成
getting title's text and href
[u'http://finance.sina.com.cn/chanjing/gsnews/20140516/094419130074.shtml']
万科精装修质量被质疑不如小包工队
http://finance.sina.com.cn/chanjing/gsnews/20140516/094419130074.shtml
request Y href http://finance.sina.com.cn/chanjing/gsnews/20140516/094419130074.shtml
下载y页面 url: http://finance.sina.com.cn/stock/t/20140708/160519641757.shtml完成
connect mysql sinaData suc!
insert suc!
[u'http://finance.sina.com.cn/stock/t/20140506/154319017731.shtml']
[路演]瑞和股份:今年以来已开发20多家新客户
http://finance.sina.com.cn/stock/t/20140506/154319017731.shtml
request Y href http://finance.sina.com.cn/stock/t/20140506/154319017731.shtml
[u'http://finance.sina.com.cn/stock/hyyj/20140428/023918939647.shtml']
装饰业触网大幕开启 引爆2万亿蓝海市场
http://finance.sina.com.cn/stock/hyyj/20140428/023918939647.shtml
request Y href http://finance.sina.com.cn/stock/hyyj/20140428/023918939647.shtml
[u'http://finance.sina.com.cn/stock/s/20140424/173518911828.shtml']
4月24日上市公司晚间公告速递
http://finance.sina.com.cn/stock/s/20140424/173518911828.shtml
request Y href http://finance.sina.com.cn/stock/s/20140424/173518911828.shtml
[u'http://finance.sina.com.cn/stock/gujiayidong/20140424/102818907680.shtml']
瑞丰高材拟10转10股 盘中涨停
http://finance.sina.com.cn/stock/gujiayidong/20140424/102818907680.shtml
request Y href http://finance.sina.com.cn/stock/gujiayidong/20140424/102818907680.shtml
[u'http://finance.sina.com.cn/stock/s/20140417/175718833841.shtml']
中铁建8亿招待费1年内归零 其他花费却增10亿
http://finance.sina.com.cn/stock/s/20140417/175718833841.shtml
request Y href http://finance.sina.com.cn/stock/s/20140417/175718833841.shtml
[u'http://finance.sina.com.cn/chanjing/gsnews/20140417/160318832942.shtml']
中铁建8亿招待费1年内归零 其他花费却增10亿
http://finance.sina.com.cn/chanjing/gsnews/20140417/160318832942.shtml
request Y href http://finance.sina.com.cn/chanjing/gsnews/20140417/160318832942.shtml
[u'http://finance.sina.com.cn/china/dfjj/20140415/105018802292.shtml']
广东省长：粤港澳自贸区设想获中央支持
http://finance.sina.com.cn/china/dfjj/20140415/105018802292.shtml
request Y href http://finance.sina.com.cn/china/dfjj/20140415/105018802292.shtml
[u'http://finance.sina.com.cn/stock/e/20140402/140718691464.shtml']
建材板块走势强劲 金隅股份涨停
http://finance.sina.com.cn/stock/e/20140402/140718691464.shtml
request Y href http://finance.sina.com.cn/stock/e/20140402/140718691464.shtml
[u'http://finance.sina.com.cn/stock/t/20140401/112818678843.shtml']
[传闻求证]三泰电子核心员工被阿里挖走？
http://finance.sina.com.cn/stock/t/20140401/112818678843.shtml
request Y href http://finance.sina.com.cn/stock/t/20140401/112818678843.shtml
[u'http://finance.sina.com.cn/china/dfjj/20140331/045218660677.shtml']
广东正积极申报自贸区 制定两份清单
http://finance.sina.com.cn/china/dfjj/20140331/045218660677.shtml
request Y href http://finance.sina.com.cn/china/dfjj/20140331/045218660677.shtml
[u'http://finance.sina.com.cn/stock/s/20140326/173218621974.shtml']
3月26日上市公司晚间公告速递
http://finance.sina.com.cn/stock/s/20140326/173218621974.shtml
request Y href http://finance.sina.com.cn/stock/s/20140326/173218621974.shtml
[u'http://finance.sina.com.cn/stock/e/20140311/110618472201.shtml']
快讯：建材板块涨 金隅股份领涨
http://finance.sina.com.cn/stock/e/20140311/110618472201.shtml
request Y href http://finance.sina.com.cn/stock/e/20140311/110618472201.shtml
[u'http://finance.sina.com.cn/stock/s/20140311/064718468182.shtml']
股海导航 3月11日沪深股市公告提示
http://finance.sina.com.cn/stock/s/20140311/064718468182.shtml
request Y href http://finance.sina.com.cn/stock/s/20140311/064718468182.shtml
[u'http://finance.sina.com.cn/stock/t/20140311/052318467697.shtml']
深圳瑞和建筑装饰股份有限公司公告（系列）
http://finance.sina.com.cn/stock/t/20140311/052318467697.shtml
request Y href http://finance.sina.com.cn/stock/t/20140311/052318467697.shtml
[u'http://finance.sina.com.cn/stock/hyyj/20140311/021918465942.shtml']
两会现场传佳音 广东自贸区概念股逆市逞强
http://finance.sina.com.cn/stock/hyyj/20140311/021918465942.shtml
request Y href http://finance.sina.com.cn/stock/hyyj/20140311/021918465942.shtml
[u'http://finance.sina.com.cn/stock/t/20140311/010518465332.shtml']
深圳瑞和建筑装饰股份有限公司第二届董事会2014年第一次会议决议公告
http://finance.sina.com.cn/stock/t/20140311/010518465332.shtml
request Y href http://finance.sina.com.cn/stock/t/20140311/010518465332.shtml
[u'http://finance.sina.com.cn/stock/hyyj/20140306/013918418020.shtml']
资产注入预期升温 广东国资股受追捧
http://finance.sina.com.cn/stock/hyyj/20140306/013918418020.shtml
request Y href http://finance.sina.com.cn/stock/hyyj/20140306/013918418020.shtml
[u'http://finance.sina.com.cn/stock/hyyj/20140303/065218382476.shtml']
广东国资改革盛宴开席 三领域受益股有望成淘金乐土
http://finance.sina.com.cn/stock/hyyj/20140303/065218382476.shtml
request Y href http://finance.sina.com.cn/stock/hyyj/20140303/065218382476.shtml
下载y页面 url: http://finance.sina.com.cn/stock/s/20140809/014919959856.shtml完成
connect mysql sinaData suc!
insert suc!
下载y页面 url: http://finance.sina.com.cn/stock/s/20140619/063219456420.shtml完成
connect mysql sinaData suc!
insert suc!
下载y页面 url: http://finance.sina.com.cn/chanjing/gsnews/20140811/010519966663.shtml完成
connect mysql sinaData suc!
insert suc!
下载y页面 url: http://finance.sina.com.cn/stock/s/20140811/172019975921.shtml完成
connect mysql sinaData suc!
insert suc!
下载y页面 url: http://finance.sina.com.cn/stock/stockptd/20140819/082220052136.shtml完成
connect mysql sinaData suc!
insert suc!
下载y页面 url: http://finance.sina.com.cn/stock/newstock/zxdt/20140821/092820077643.shtml完成
connect mysql sinaData suc!
insert suc!
下载y页面 url: http://finance.sina.com.cn/stock/s/20140822/170220094286.shtml完成
connect mysql sinaData suc!
insert suc!
下载y页面 url: http://finance.sina.com.cn/stock/t/20140823/023620097682.shtml完成
connect mysql sinaData suc!
insert suc!
[u'http://finance.sina.com.cn/china/dfjj/20140228/092318364792.shtml']
广东国资改革进入实操阶段 首批推出54个项目
http://finance.sina.com.cn/china/dfjj/20140228/092318364792.shtml
request Y href http://finance.sina.com.cn/china/dfjj/20140228/092318364792.shtml
[u'http://finance.sina.com.cn/stock/hyyj/20140228/083918364012.shtml']
广东国企改革已启动 政策利好刺激投资机会
http://finance.sina.com.cn/stock/hyyj/20140228/083918364012.shtml
request Y href http://finance.sina.com.cn/stock/hyyj/20140228/083918364012.shtml
[u'http://finance.sina.com.cn/china/dfjj/20140228/024118359575.shtml']
广东国资混合制提速：千亿国有股权引入民资
http://finance.sina.com.cn/china/dfjj/20140228/024118359575.shtml
request Y href http://finance.sina.com.cn/china/dfjj/20140228/024118359575.shtml
[u'http://finance.sina.com.cn/stock/s/20140225/072618318916.shtml']
股海导航 2月25日沪深股市公告提示
http://finance.sina.com.cn/stock/s/20140225/072618318916.shtml
request Y href http://finance.sina.com.cn/stock/s/20140225/072618318916.shtml
[u'http://finance.sina.com.cn/stock/s/20140224/170118312985.shtml']
2月24日上市公司晚间公告速递
http://finance.sina.com.cn/stock/s/20140224/170118312985.shtml
request Y href http://finance.sina.com.cn/stock/s/20140224/170118312985.shtml
[u'http://finance.sina.com.cn/stock/s/20140217/073918231867.shtml']
业绩压力威力显现 多公司高管马年伊始“马上辞职”
http://finance.sina.com.cn/stock/s/20140217/073918231867.shtml
request Y href http://finance.sina.com.cn/stock/s/20140217/073918231867.shtml
[u'http://finance.sina.com.cn/stock/s/20140217/015018229135.shtml']
业绩压力威力显现 多家公司高管马年伊始辞职
http://finance.sina.com.cn/stock/s/20140217/015018229135.shtml
request Y href http://finance.sina.com.cn/stock/s/20140217/015018229135.shtml
[u'http://finance.sina.com.cn/china/20140213/023418192780.shtml']
粤港澳自贸区范围有望扩大 白云机场保税区或纳入
http://finance.sina.com.cn/china/20140213/023418192780.shtml
request Y href http://finance.sina.com.cn/china/20140213/023418192780.shtml
[u'http://finance.sina.com.cn/stock/s/20140212/064818181181.shtml']
股海导航 2月12日沪深股市公告提示
http://finance.sina.com.cn/stock/s/20140212/064818181181.shtml
request Y href http://finance.sina.com.cn/stock/s/20140212/064818181181.shtml
[u'http://finance.sina.com.cn/stock/t/20140212/041418180189.shtml']
深圳瑞和建筑装饰股份有限公司关于公司及相关主体承诺履行情况的公告
http://finance.sina.com.cn/stock/t/20140212/041418180189.shtml
request Y href http://finance.sina.com.cn/stock/t/20140212/041418180189.shtml
[u'http://finance.sina.com.cn/stock/hyyj/20140211/153818175013.shtml']
广东拟加快棚户区改造工作 相关概念股望受益
http://finance.sina.com.cn/stock/hyyj/20140211/153818175013.shtml
request Y href http://finance.sina.com.cn/stock/hyyj/20140211/153818175013.shtml
[u'http://finance.sina.com.cn/china/dfjj/20140211/023918166778.shtml']
媒体称东莞形成色情产业链 年经济效益或达500亿
http://finance.sina.com.cn/china/dfjj/20140211/023918166778.shtml
request Y href http://finance.sina.com.cn/china/dfjj/20140211/023918166778.shtml
[u'http://finance.sina.com.cn/chanjing/gsnews/20140128/013818102270.shtml']
江苏首富朱兴良涉行贿被逮捕：跟官员走得近频接大单
http://finance.sina.com.cn/chanjing/gsnews/20140128/013818102270.shtml
request Y href http://finance.sina.com.cn/chanjing/gsnews/20140128/013818102270.shtml
[u'http://finance.sina.com.cn/stock/hyyj/20140121/050618022177.shtml']
广东国资改革顶层设计方案将加速出炉
http://finance.sina.com.cn/stock/hyyj/20140121/050618022177.shtml
request Y href http://finance.sina.com.cn/stock/hyyj/20140121/050618022177.shtml
[u'http://finance.sina.com.cn/china/dfjj/20140103/052217830386.shtml']
佛山富士康厂迁出社区顿时荒芜:商铺几天关一个
http://finance.sina.com.cn/china/dfjj/20140103/052217830386.shtml
request Y href http://finance.sina.com.cn/china/dfjj/20140103/052217830386.shtml
下载y页面 url: http://finance.sina.com.cn/stock/hyyj/20140825/065920107186.shtml完成
connect mysql sinaData suc!
insert suc!
[u'http://finance.sina.com.cn/stock/s/20131231/065917803601.shtml']
股海导航 12月31日沪深股市公告提示
http://finance.sina.com.cn/stock/s/20131231/065917803601.shtml
request Y href http://finance.sina.com.cn/stock/s/20131231/065917803601.shtml
[u'http://finance.sina.com.cn/stock/t/20131231/050017802229.shtml']
深圳瑞和建筑装饰股份有限公司公告（系列）
http://finance.sina.com.cn/stock/t/20131231/050017802229.shtml
request Y href http://finance.sina.com.cn/stock/t/20131231/050017802229.shtml
[u'http://finance.sina.com.cn/stock/t/20131231/010017799445.shtml']
深圳瑞和建筑装饰股份有限公司
http://finance.sina.com.cn/stock/t/20131231/010017799445.shtml
request Y href http://finance.sina.com.cn/stock/t/20131231/010017799445.shtml
[u'http://finance.sina.com.cn/china/20131226/023917752800.shtml']
广州国土房管局回应取消限购说：与限购不矛盾
http://finance.sina.com.cn/china/20131226/023917752800.shtml
request Y href http://finance.sina.com.cn/china/20131226/023917752800.shtml
[u'http://finance.sina.com.cn/china/dfjj/20131226/020417752182.shtml']
广州酝酿楼市取消限购限价 业内称可能性不大
http://finance.sina.com.cn/china/dfjj/20131226/020417752182.shtml
request Y href http://finance.sina.com.cn/china/dfjj/20131226/020417752182.shtml
[u'http://finance.sina.com.cn/china/dfjj/20131225/132617747073.shtml']
广州称将探索逐步取消房地产限价限购
http://finance.sina.com.cn/china/dfjj/20131225/132617747073.shtml
request Y href http://finance.sina.com.cn/china/dfjj/20131225/132617747073.shtml
下载y页面 url: http://finance.sina.com.cn/stock/gujiayidong/20140916/112720305368.shtml完成
connect mysql sinaData suc!
insert suc!
下载y页面 url: http://finance.sina.com.cn/stock/gujiayidong/20140917/093820315140.shtml完成
connect mysql sinaData suc!
insert suc!
下载y页面 url: http://finance.sina.com.cn/stock/hyyj/20140918/032220327474.shtml完成
connect mysql sinaData suc!
insert suc!
下载y页面 url: http://finance.sina.com.cn/stock/t/20140922/144620378961.shtml完成
connect mysql sinaData suc!
insert suc!
下载y页面 url: http://finance.sina.com.cn/stock/s/20140924/172120402658.shtml完成
connect mysql sinaData suc!
insert suc!
下载y页面 url: http://finance.sina.com.cn/stock/t/20140925/005920404744.shtml完成
connect mysql sinaData suc!
insert suc!
下载y页面 url: http://finance.sina.com.cn/stock/t/20140925/022220405959.shtml完成
connect mysql sinaData suc!
insert suc!
下载y页面 url: http://finance.sina.com.cn/chanjing/gsnews/20140516/094419130074.shtml完成
connect mysql sinaData suc!
insert suc!
下载y页面 url: http://finance.sina.com.cn/stock/s/20140925/064820407501.shtml完成
connect mysql sinaData suc!
insert suc!
下载y页面 url: http://finance.sina.com.cn/stock/hyyj/20140303/065218382476.shtml完成
connect mysql sinaData suc!
insert suc!
下载y页面 url: http://finance.sina.com.cn/stock/hyyj/20140306/013918418020.shtml完成
connect mysql sinaData suc!
insert suc!
下载y页面 url: http://finance.sina.com.cn/stock/t/20140311/010518465332.shtml完成
connect mysql sinaData suc!
insert suc!
下载y页面 url: http://finance.sina.com.cn/stock/hyyj/20140311/021918465942.shtml完成
connect mysql sinaData suc!
insert suc!
下载y页面 url: http://finance.sina.com.cn/stock/t/20140311/052318467697.shtml完成
connect mysql sinaData suc!
insert suc!
下载y页面 url: http://finance.sina.com.cn/stock/s/20140311/064718468182.shtml完成
connect mysql sinaData suc!
insert suc!
下载y页面 url: http://finance.sina.com.cn/stock/e/20140311/110618472201.shtml完成
connect mysql sinaData suc!
insert suc!
下载y页面 url: http://finance.sina.com.cn/china/dfjj/20140103/052217830386.shtml完成
connect mysql sinaData suc!
insert suc!
下载y页面 url: http://finance.sina.com.cn/stock/hyyj/20140121/050618022177.shtml完成
connect mysql sinaData suc!
insert suc!
下载y页面 url: http://finance.sina.com.cn/chanjing/gsnews/20140128/013818102270.shtml完成
connect mysql sinaData suc!
insert suc!
下载y页面 url: http://finance.sina.com.cn/china/dfjj/20140211/023918166778.shtml完成
connect mysql sinaData suc!
insert suc!
下载y页面 url: http://finance.sina.com.cn/stock/hyyj/20140211/153818175013.shtml完成
connect mysql sinaData suc!
insert suc!
下载y页面 url: http://finance.sina.com.cn/stock/t/20140212/041418180189.shtml完成
connect mysql sinaData suc!
insert suc!
下载y页面 url: http://finance.sina.com.cn/stock/s/20140326/173218621974.shtml完成
connect mysql sinaData suc!
insert suc!
下载y页面 url: http://finance.sina.com.cn/china/dfjj/20131225/132617747073.shtml完成
connect mysql sinaData suc!
insert suc!
下载y页面 url: http://finance.sina.com.cn/china/dfjj/20131226/020417752182.shtml完成
connect mysql sinaData suc!
insert suc!
下载y页面 url: http://finance.sina.com.cn/china/20131226/023917752800.shtml完成
connect mysql sinaData suc!
insert suc!
下载y页面 url: http://finance.sina.com.cn/stock/t/20131231/010017799445.shtml完成
connect mysql sinaData suc!
insert suc!
下载y页面 url: http://finance.sina.com.cn/stock/t/20131231/050017802229.shtml完成
connect mysql sinaData suc!
insert suc!
下载y页面 url: http://finance.sina.com.cn/stock/s/20131231/065917803601.shtml完成
connect mysql sinaData suc!
insert suc!
下载y页面 url: http://finance.sina.com.cn/china/20140213/023418192780.shtml完成
connect mysql sinaData suc!
insert suc!
下载y页面 url: http://finance.sina.com.cn/stock/s/20140217/015018229135.shtml完成
connect mysql sinaData suc!
insert suc!
下载x页面 url: http://vip.stock.finance.sina.com.cn/corp/view/vCB_AllNewsStock.php?symbol=sz002620&Page=6完成
getting title's text and href
[u'http://finance.sina.com.cn/stock/t/20131224/203217737515.shtml']
[互动]瑞和股份:正积极筹备申报高新技术企业
http://finance.sina.com.cn/stock/t/20131224/203217737515.shtml
request Y href http://finance.sina.com.cn/stock/t/20131224/203217737515.shtml
下载y页面 url: http://finance.sina.com.cn/stock/s/20140212/064818181181.shtml完成
connect mysql sinaData suc!
insert suc!
下载y页面 url: http://finance.sina.com.cn/stock/s/20140217/073918231867.shtml完成
connect mysql sinaData suc!
insert suc!
下载y页面 url: http://finance.sina.com.cn/china/dfjj/20140228/024118359575.shtml完成
connect mysql sinaData suc!
insert suc!
下载y页面 url: http://finance.sina.com.cn/stock/hyyj/20140228/083918364012.shtml完成
connect mysql sinaData suc!
insert suc!
[u'http://finance.sina.com.cn/china/20131224/013117726006.shtml']
粤港澳自贸区方案已上报国务院 范围将超上海
http://finance.sina.com.cn/china/20131224/013117726006.shtml
request Y href http://finance.sina.com.cn/china/20131224/013117726006.shtml
[u'http://finance.sina.com.cn/stock/s/20131219/065317681782.shtml']
股海导航 12月19日沪深股市公告提示
http://finance.sina.com.cn/stock/s/20131219/065317681782.shtml
request Y href http://finance.sina.com.cn/stock/s/20131219/065317681782.shtml
[u'http://finance.sina.com.cn/stock/t/20131218/220217677213.shtml']
[公司]瑞和股份一股东质押900万股 占股本7.5%
http://finance.sina.com.cn/stock/t/20131218/220217677213.shtml
request Y href http://finance.sina.com.cn/stock/t/20131218/220217677213.shtml
[u'http://finance.sina.com.cn/stock/s/20131218/171917675547.shtml']
12月18日上市公司晚间公告速递
http://finance.sina.com.cn/stock/s/20131218/171917675547.shtml
request Y href http://finance.sina.com.cn/stock/s/20131218/171917675547.shtml
[u'http://finance.sina.com.cn/stock/s/20131210/171417590092.shtml']
12月10日上市公司晚间公告速递
http://finance.sina.com.cn/stock/s/20131210/171417590092.shtml
request Y href http://finance.sina.com.cn/stock/s/20131210/171417590092.shtml
[u'http://finance.sina.com.cn/stock/hyyj/20131209/162617576872.shtml']
装饰行业：年底迎来配置良机
http://finance.sina.com.cn/stock/hyyj/20131209/162617576872.shtml
request Y href http://finance.sina.com.cn/stock/hyyj/20131209/162617576872.shtml
[u'http://finance.sina.com.cn/stock/hyyj/20131204/025617520136.shtml']
优先股试点被寄予厚望 四行业闻“机”起舞受益
http://finance.sina.com.cn/stock/hyyj/20131204/025617520136.shtml
request Y href http://finance.sina.com.cn/stock/hyyj/20131204/025617520136.shtml
[u'http://finance.sina.com.cn/stock/usstock/gsyj/20131129/150517481080.shtml']
中信证券：给予装饰行业“强于大市”评级
http://finance.sina.com.cn/stock/usstock/gsyj/20131129/150517481080.shtml
request Y href http://finance.sina.com.cn/stock/usstock/gsyj/20131129/150517481080.shtml
下载y页面 url: http://finance.sina.com.cn/china/dfjj/20140228/092318364792.shtml完成
connect mysql sinaData suc!
insert suc!
下载y页面 url: http://finance.sina.com.cn/stock/s/20140224/170118312985.shtml完成
connect mysql sinaData suc!
insert suc!
下载y页面 url: http://finance.sina.com.cn/stock/s/20140225/072618318916.shtml完成
connect mysql sinaData suc!
insert suc!
下载y页面 url: http://finance.sina.com.cn/china/dfjj/20140331/045218660677.shtml完成
connect mysql sinaData suc!
insert suc!
下载y页面 url: http://finance.sina.com.cn/stock/t/20140401/112818678843.shtml完成
connect mysql sinaData suc!
insert suc!
下载y页面 url: http://finance.sina.com.cn/stock/e/20140402/140718691464.shtml完成
connect mysql sinaData suc!
insert suc!
下载y页面 url: http://finance.sina.com.cn/china/dfjj/20140415/105018802292.shtml完成
connect mysql sinaData suc!
insert suc!
下载y页面 url: http://finance.sina.com.cn/chanjing/gsnews/20140417/160318832942.shtml完成
connect mysql sinaData suc!
insert suc!
下载y页面 url: http://finance.sina.com.cn/stock/s/20140417/175718833841.shtml完成
connect mysql sinaData suc!
insert suc!
下载y页面 url: http://finance.sina.com.cn/stock/gujiayidong/20140424/102818907680.shtml完成
connect mysql sinaData suc!
insert suc!
下载y页面 url: http://finance.sina.com.cn/stock/hyyj/20140428/023918939647.shtml完成
connect mysql sinaData suc!
insert suc!
下载y页面 url: http://finance.sina.com.cn/stock/t/20140506/154319017731.shtml完成
connect mysql sinaData suc!
insert suc!
下载y页面 url: http://finance.sina.com.cn/stock/t/20131224/203217737515.shtml完成
connect mysql sinaData suc!
insert suc!
下载y页面 url: http://finance.sina.com.cn/stock/s/20140424/173518911828.shtml完成
connect mysql sinaData suc!
insert suc!
下载y页面 url: http://finance.sina.com.cn/stock/usstock/gsyj/20131129/150517481080.shtml完成
connect mysql sinaData suc!
insert suc!
下载y页面 url: http://finance.sina.com.cn/stock/hyyj/20131204/025617520136.shtml完成
connect mysql sinaData suc!
insert suc!
下载y页面 url: http://finance.sina.com.cn/stock/hyyj/20131209/162617576872.shtml完成
connect mysql sinaData suc!
insert suc!
下载y页面 url: http://finance.sina.com.cn/stock/t/20131218/220217677213.shtml完成
connect mysql sinaData suc!
insert suc!
下载y页面 url: http://finance.sina.com.cn/stock/s/20131219/065317681782.shtml完成
connect mysql sinaData suc!
insert suc!
下载y页面 url: http://finance.sina.com.cn/stock/s/20131210/171417590092.shtml完成
connect mysql sinaData suc!
insert suc!
下载y页面 url: http://finance.sina.com.cn/china/20131224/013117726006.shtml完成
connect mysql sinaData suc!
insert suc!
下载y页面 url: http://finance.sina.com.cn/stock/s/20131218/171917675547.shtml完成
connect mysql sinaData suc!
insert suc!
