connection to sinaData suc
下载x页面 url: http://vip.stock.finance.sina.com.cn/corp/go.php/vCB_AllNewsStock/symbol/sz002388.phtml完成
getting title's text and href
[u'http://finance.sina.com.cn/stock/s/20150722/064522757378.shtml']
股海导航 7月22日沪深股市公告提示
http://finance.sina.com.cn/stock/s/20150722/064522757378.shtml
request Y href http://finance.sina.com.cn/stock/s/20150722/064522757378.shtml
[u'http://finance.sina.com.cn/stock/s/20150721/172122751920.shtml']
7月21日上市公司晚间公告速递
http://finance.sina.com.cn/stock/s/20150721/172122751920.shtml
request Y href http://finance.sina.com.cn/stock/s/20150721/172122751920.shtml
[u'http://finance.sina.com.cn/stock/s/20150715/073822690538.shtml']
股海导航 7月15日沪深股市公告提示
http://finance.sina.com.cn/stock/s/20150715/073822690538.shtml
request Y href http://finance.sina.com.cn/stock/s/20150715/073822690538.shtml
[u'http://finance.sina.com.cn/stock/s/20150714/184422683940.shtml']
7月14日上市公司晚间公告速递
http://finance.sina.com.cn/stock/s/20150714/184422683940.shtml
request Y href http://finance.sina.com.cn/stock/s/20150714/184422683940.shtml
[u'http://finance.sina.com.cn/stock/s/20150710/170622651996.shtml']
7月10日上市公司晚间公告速递
http://finance.sina.com.cn/stock/s/20150710/170622651996.shtml
request Y href http://finance.sina.com.cn/stock/s/20150710/170622651996.shtml
[u'http://finance.sina.com.cn/stock/s/20150710/075022647014.shtml']
股海导航 7月10日沪深股市公告提示
http://finance.sina.com.cn/stock/s/20150710/075022647014.shtml
request Y href http://finance.sina.com.cn/stock/s/20150710/075022647014.shtml
[u'http://finance.sina.com.cn/stock/t/20150709/213822641265.shtml']
[公司]新亚制程大股东拟出资超2830万增持
http://finance.sina.com.cn/stock/t/20150709/213822641265.shtml
request Y href http://finance.sina.com.cn/stock/t/20150709/213822641265.shtml
[u'http://finance.sina.com.cn/stock/s/20150709/170422639652.shtml']
7月9日晚间获重要股东增持公司汇总
http://finance.sina.com.cn/stock/s/20150709/170422639652.shtml
request Y href http://finance.sina.com.cn/stock/s/20150709/170422639652.shtml
[u'http://finance.sina.com.cn/stock/s/20150707/225122615951.shtml']
近500公司申请停牌 总数超1200A股停牌比将破40%(全名单)
http://finance.sina.com.cn/stock/s/20150707/225122615951.shtml
request Y href http://finance.sina.com.cn/stock/s/20150707/225122615951.shtml
[u'http://finance.sina.com.cn/stock/hyyj/20150707/080722609306.shtml']
芯片制造业集中度提升 集成电路设计迎新契机
http://finance.sina.com.cn/stock/hyyj/20150707/080722609306.shtml
request Y href http://finance.sina.com.cn/stock/hyyj/20150707/080722609306.shtml
[u'http://finance.sina.com.cn/stock/s/20150701/072222560237.shtml']
股海导航 7月1日沪深股市公告提示
http://finance.sina.com.cn/stock/s/20150701/072222560237.shtml
request Y href http://finance.sina.com.cn/stock/s/20150701/072222560237.shtml
[u'http://finance.sina.com.cn/stock/s/20150630/171722554649.shtml']
6月30日上市公司晚间公告速递
http://finance.sina.com.cn/stock/s/20150630/171722554649.shtml
request Y href http://finance.sina.com.cn/stock/s/20150630/171722554649.shtml
[u'http://finance.sina.com.cn/stock/s/20150626/174622528353.shtml']
6月26日上市公司晚间公告速递
http://finance.sina.com.cn/stock/s/20150626/174622528353.shtml
request Y href http://finance.sina.com.cn/stock/s/20150626/174622528353.shtml
[u'http://finance.sina.com.cn/stock/s/20150625/071822512532.shtml']
股海导航 6月25日沪深股市公告提示
http://finance.sina.com.cn/stock/s/20150625/071822512532.shtml
request Y href http://finance.sina.com.cn/stock/s/20150625/071822512532.shtml
[u'http://finance.sina.com.cn/stock/s/20150624/171522506486.shtml']
6月24日上市公司晚间公告速递
http://finance.sina.com.cn/stock/s/20150624/171522506486.shtml
request Y href http://finance.sina.com.cn/stock/s/20150624/171522506486.shtml
[u'http://finance.sina.com.cn/stock/s/20150624/070522501726.shtml']
股海导航 6月24日沪深股市公告提示
http://finance.sina.com.cn/stock/s/20150624/070522501726.shtml
request Y href http://finance.sina.com.cn/stock/s/20150624/070522501726.shtml
[u'http://finance.sina.com.cn/stock/s/20150623/170622496464.shtml']
6月23日上市公司晚间公告速递
http://finance.sina.com.cn/stock/s/20150623/170622496464.shtml
request Y href http://finance.sina.com.cn/stock/s/20150623/170622496464.shtml
[u'http://finance.sina.com.cn/stock/s/20150617/070722452642.shtml']
股海导航 6月17日沪深股市公告提示
http://finance.sina.com.cn/stock/s/20150617/070722452642.shtml
request Y href http://finance.sina.com.cn/stock/s/20150617/070722452642.shtml
[u'http://finance.sina.com.cn/stock/t/20150617/023922450531.shtml']
证券代码：002388         证券简称：新亚制程         公告编号：2015-038
http://finance.sina.com.cn/stock/t/20150617/023922450531.shtml
request Y href http://finance.sina.com.cn/stock/t/20150617/023922450531.shtml
[u'http://finance.sina.com.cn/stock/s/20150616/171422446838.shtml']
6月16日上市公司晚间公告速递
http://finance.sina.com.cn/stock/s/20150616/171422446838.shtml
request Y href http://finance.sina.com.cn/stock/s/20150616/171422446838.shtml
[u'http://finance.sina.com.cn/stock/s/20150610/074522394229.shtml']
股海导航 6月10日沪深股市公告提示
http://finance.sina.com.cn/stock/s/20150610/074522394229.shtml
request Y href http://finance.sina.com.cn/stock/s/20150610/074522394229.shtml
[u'http://finance.sina.com.cn/stock/s/20150609/171522387852.shtml']
6月9日上市公司晚间公告速递
http://finance.sina.com.cn/stock/s/20150609/171522387852.shtml
request Y href http://finance.sina.com.cn/stock/s/20150609/171522387852.shtml
[u'http://finance.sina.com.cn/stock/s/20150609/171022387876.shtml']
新亚制程筹划非公开发行股票 继续停牌
http://finance.sina.com.cn/stock/s/20150609/171022387876.shtml
request Y href http://finance.sina.com.cn/stock/s/20150609/171022387876.shtml
[u'http://finance.sina.com.cn/stock/s/20150603/064922334962.shtml']
股海导航 6月3日沪深股市公告提示
http://finance.sina.com.cn/stock/s/20150603/064922334962.shtml
request Y href http://finance.sina.com.cn/stock/s/20150603/064922334962.shtml
[u'http://finance.sina.com.cn/stock/s/20150602/175722329299.shtml']
6月2日晚间上市公司利好消息一览
http://finance.sina.com.cn/stock/s/20150602/175722329299.shtml
request Y href http://finance.sina.com.cn/stock/s/20150602/175722329299.shtml
[u'http://finance.sina.com.cn/stock/s/20150602/170422328861.shtml']
6月2日上市公司晚间公告速递
http://finance.sina.com.cn/stock/s/20150602/170422328861.shtml
request Y href http://finance.sina.com.cn/stock/s/20150602/170422328861.shtml
[u'http://finance.sina.com.cn/stock/s/20150529/173122298440.shtml']
5月29日上市公司晚间公告速递
http://finance.sina.com.cn/stock/s/20150529/173122298440.shtml
request Y href http://finance.sina.com.cn/stock/s/20150529/173122298440.shtml
[u'http://finance.sina.com.cn/stock/s/20150529/073122296209.shtml']
股海导航 5月29日沪深股市公告提示
http://finance.sina.com.cn/stock/s/20150529/073122296209.shtml
request Y href http://finance.sina.com.cn/stock/s/20150529/073122296209.shtml
[u'http://finance.sina.com.cn/stock/s/20150527/073322276513.shtml']
股海导航 5月27日沪深股市公告提示
http://finance.sina.com.cn/stock/s/20150527/073322276513.shtml
request Y href http://finance.sina.com.cn/stock/s/20150527/073322276513.shtml
[u'http://finance.sina.com.cn/stock/s/20150526/172222271090.shtml']
5月26日上市公司晚间公告速递
http://finance.sina.com.cn/stock/s/20150526/172222271090.shtml
request Y href http://finance.sina.com.cn/stock/s/20150526/172222271090.shtml
[u'http://finance.sina.com.cn/stock/s/20150520/065822221954.shtml']
股海导航 5月20日沪深股市公告提示
http://finance.sina.com.cn/stock/s/20150520/065822221954.shtml
request Y href http://finance.sina.com.cn/stock/s/20150520/065822221954.shtml
[u'http://finance.sina.com.cn/stock/s/20150519/172122216915.shtml']
5月19日上市公司晚间公告速递
http://finance.sina.com.cn/stock/s/20150519/172122216915.shtml
request Y href http://finance.sina.com.cn/stock/s/20150519/172122216915.shtml
[u'http://finance.sina.com.cn/stock/s/20150508/173522138691.shtml']
5月8日上市公司晚间公告速递
http://finance.sina.com.cn/stock/s/20150508/173522138691.shtml
request Y href http://finance.sina.com.cn/stock/s/20150508/173522138691.shtml
[u'http://finance.sina.com.cn/stock/s/20150506/065322114901.shtml']
股海导航 5月6日沪深股市公告提示
http://finance.sina.com.cn/stock/s/20150506/065322114901.shtml
request Y href http://finance.sina.com.cn/stock/s/20150506/065322114901.shtml
[u'http://finance.sina.com.cn/stock/s/20150505/165222110240.shtml']
5月5日上市公司晚间公告速递
http://finance.sina.com.cn/stock/s/20150505/165222110240.shtml
request Y href http://finance.sina.com.cn/stock/s/20150505/165222110240.shtml
[u'http://finance.sina.com.cn/stock/s/20150426/181222047037.shtml']
4月26日上市公司晚间公告速递
http://finance.sina.com.cn/stock/s/20150426/181222047037.shtml
request Y href http://finance.sina.com.cn/stock/s/20150426/181222047037.shtml
[u'http://finance.sina.com.cn/china/20150419/162721990836.shtml']
广东自贸区4月21日南沙挂牌 深圳前海紧随其后
http://finance.sina.com.cn/china/20150419/162721990836.shtml
request Y href http://finance.sina.com.cn/china/20150419/162721990836.shtml
[u'http://finance.sina.com.cn/stock/s/20150414/070621949330.shtml']
股海导航 4月14日沪深股市公告提示
http://finance.sina.com.cn/stock/s/20150414/070621949330.shtml
request Y href http://finance.sina.com.cn/stock/s/20150414/070621949330.shtml
[u'http://finance.sina.com.cn/stock/t/20150413/214121945789.shtml']
[年报]新亚制程去年利增14% 拟10派0.1元
http://finance.sina.com.cn/stock/t/20150413/214121945789.shtml
request Y href http://finance.sina.com.cn/stock/t/20150413/214121945789.shtml
[u'http://finance.sina.com.cn/stock/s/20150413/165721944380.shtml']
4月13日上市公司晚间公告速递
http://finance.sina.com.cn/stock/s/20150413/165721944380.shtml
request Y href http://finance.sina.com.cn/stock/s/20150413/165721944380.shtml
下载y页面 url: http://finance.sina.com.cn/stock/s/20150722/064522757378.shtml完成
connect mysql sinaData suc!
insert suc!
下载y页面 url: http://finance.sina.com.cn/stock/hyyj/20150707/080722609306.shtml完成
connect mysql sinaData suc!
insert suc!
下载y页面 url: http://finance.sina.com.cn/stock/s/20150707/225122615951.shtml完成
connect mysql sinaData suc!
insert suc!
下载y页面 url: http://finance.sina.com.cn/stock/s/20150709/170422639652.shtml完成
connect mysql sinaData suc!
insert suc!
下载y页面 url: http://finance.sina.com.cn/stock/t/20150709/213822641265.shtml完成
connect mysql sinaData suc!
insert suc!
下载x页面 url: http://vip.stock.finance.sina.com.cn/corp/view/vCB_AllNewsStock.php?symbol=sz002388&Page=2完成
getting title's text and href
[u'http://finance.sina.com.cn/stock/s/20150413/160921944034.shtml']
*ST合泰巨资一次鲸吞三家公司 标的公司疑点重重
http://finance.sina.com.cn/stock/s/20150413/160921944034.shtml
request Y href http://finance.sina.com.cn/stock/s/20150413/160921944034.shtml
[u'http://finance.sina.com.cn/stock/s/20150412/134121936099.shtml']
*ST合泰巨资收购标的公司疑点重重
http://finance.sina.com.cn/stock/s/20150412/134121936099.shtml
request Y href http://finance.sina.com.cn/stock/s/20150412/134121936099.shtml
[u'http://finance.sina.com.cn/stock/hyyj/20150407/073821896155.shtml']
多重利好叠加 广东上市公司引领时代大潮
http://finance.sina.com.cn/stock/hyyj/20150407/073821896155.shtml
request Y href http://finance.sina.com.cn/stock/hyyj/20150407/073821896155.shtml
[u'http://finance.sina.com.cn/stock/stockptd/20150319/075721756628.shtml']
广东自贸区挂牌在即 多家上市公司分享政策红利
http://finance.sina.com.cn/stock/stockptd/20150319/075721756628.shtml
request Y href http://finance.sina.com.cn/stock/stockptd/20150319/075721756628.shtml
[u'http://finance.sina.com.cn/stock/t/20150312/100721704515.shtml']
[公司]新亚制程:赛翡目前整体经营情况良好
http://finance.sina.com.cn/stock/t/20150312/100721704515.shtml
request Y href http://finance.sina.com.cn/stock/t/20150312/100721704515.shtml
[u'http://finance.sina.com.cn/stock/t/20150227/213521609575.shtml']
[公司]新亚制程去年净利1229万 同比增24%
http://finance.sina.com.cn/stock/t/20150227/213521609575.shtml
request Y href http://finance.sina.com.cn/stock/t/20150227/213521609575.shtml
[u'http://finance.sina.com.cn/stock/s/20150227/170321608313.shtml']
2月27日上市公司晚间公告速递
http://finance.sina.com.cn/stock/s/20150227/170321608313.shtml
request Y href http://finance.sina.com.cn/stock/s/20150227/170321608313.shtml
[u'http://finance.sina.com.cn/stock/s/20150213/065821545675.shtml']
股海导航 2月13日沪深股市公告提示
http://finance.sina.com.cn/stock/s/20150213/065821545675.shtml
request Y href http://finance.sina.com.cn/stock/s/20150213/065821545675.shtml
[u'http://finance.sina.com.cn/stock/hyyj/20150212/173321540658.shtml']
159家公司遭减持 股东套现超500亿
http://finance.sina.com.cn/stock/hyyj/20150212/173321540658.shtml
request Y href http://finance.sina.com.cn/stock/hyyj/20150212/173321540658.shtml
[u'http://finance.sina.com.cn/stock/s/20150212/170621540497.shtml']
2月12日上市公司晚间公告速递
http://finance.sina.com.cn/stock/s/20150212/170621540497.shtml
request Y href http://finance.sina.com.cn/stock/s/20150212/170621540497.shtml
[u'http://finance.sina.com.cn/stock/s/20150211/071021526352.shtml']
股海导航 2月11日沪深股市公告提示
http://finance.sina.com.cn/stock/s/20150211/071021526352.shtml
request Y href http://finance.sina.com.cn/stock/s/20150211/071021526352.shtml
[u'http://finance.sina.com.cn/china/dfjj/20150211/015921524253.shtml']
吉林政府报告提出申报自贸区 分析称获批希望较大
http://finance.sina.com.cn/china/dfjj/20150211/015921524253.shtml
request Y href http://finance.sina.com.cn/china/dfjj/20150211/015921524253.shtml
[u'http://finance.sina.com.cn/stock/t/20150210/192321522262.shtml']
[公司]新亚制程控股股东减持套现1.44亿元
http://finance.sina.com.cn/stock/t/20150210/192321522262.shtml
request Y href http://finance.sina.com.cn/stock/t/20150210/192321522262.shtml
[u'http://finance.sina.com.cn/stock/t/20150210/192321521703.shtml']
新亚制程遭控股股东减持4.75%股份
http://finance.sina.com.cn/stock/t/20150210/192321521703.shtml
request Y href http://finance.sina.com.cn/stock/t/20150210/192321521703.shtml
[u'http://finance.sina.com.cn/stock/s/20150210/170421520887.shtml']
2月10日上市公司晚间公告速递
http://finance.sina.com.cn/stock/s/20150210/170421520887.shtml
request Y href http://finance.sina.com.cn/stock/s/20150210/170421520887.shtml
[u'http://finance.sina.com.cn/china/dfjj/20150210/134421519365.shtml']
广东自贸区方案与部委达成共识 预计近期获批
http://finance.sina.com.cn/china/dfjj/20150210/134421519365.shtml
request Y href http://finance.sina.com.cn/china/dfjj/20150210/134421519365.shtml
[u'http://finance.sina.com.cn/stock/s/20150130/065921435187.shtml']
股海导航 1月30日沪深股市公告提示
http://finance.sina.com.cn/stock/s/20150130/065921435187.shtml
request Y href http://finance.sina.com.cn/stock/s/20150130/065921435187.shtml
[u'http://finance.sina.com.cn/stock/t/20150129/210821430837.shtml']
[公司]新亚制程大股东抛950万股套现1.39亿
http://finance.sina.com.cn/stock/t/20150129/210821430837.shtml
request Y href http://finance.sina.com.cn/stock/t/20150129/210821430837.shtml
[u'http://finance.sina.com.cn/stock/t/20150129/180321429793.shtml']
新亚制程遭控股股东减持950万股
http://finance.sina.com.cn/stock/t/20150129/180321429793.shtml
request Y href http://finance.sina.com.cn/stock/t/20150129/180321429793.shtml
[u'http://finance.sina.com.cn/stock/s/20150129/171821429390.shtml']
1月29日上市公司晚间公告速递
http://finance.sina.com.cn/stock/s/20150129/171821429390.shtml
request Y href http://finance.sina.com.cn/stock/s/20150129/171821429390.shtml
[u'http://finance.sina.com.cn/stock/s/20150128/064621415343.shtml']
股海导航 1月28日沪深股市公告提示
http://finance.sina.com.cn/stock/s/20150128/064621415343.shtml
request Y href http://finance.sina.com.cn/stock/s/20150128/064621415343.shtml
[u'http://finance.sina.com.cn/stock/s/20150123/173721384290.shtml']
1月23日上市公司晚间公告速递
http://finance.sina.com.cn/stock/s/20150123/173721384290.shtml
request Y href http://finance.sina.com.cn/stock/s/20150123/173721384290.shtml
[u'http://finance.sina.com.cn/stock/t/20150123/172721384732.shtml']
新亚制程控股股东未来半年拟减持不超过10%股份
http://finance.sina.com.cn/stock/t/20150123/172721384732.shtml
request Y href http://finance.sina.com.cn/stock/t/20150123/172721384732.shtml
[u'http://finance.sina.com.cn/stock/s/20150116/065721312718.shtml']
股海导航 1月16日沪深股市公告提示
http://finance.sina.com.cn/stock/s/20150116/065721312718.shtml
request Y href http://finance.sina.com.cn/stock/s/20150116/065721312718.shtml
[u'http://finance.sina.com.cn/stock/s/20150115/165421307233.shtml']
1月15日上市公司晚间公告速递
http://finance.sina.com.cn/stock/s/20150115/165421307233.shtml
request Y href http://finance.sina.com.cn/stock/s/20150115/165421307233.shtml
[u'http://finance.sina.com.cn/stock/hyyj/20141201/145220966317.shtml']
电子行业:蓝宝石 死灰复燃or昙花一现?
http://finance.sina.com.cn/stock/hyyj/20141201/145220966317.shtml
request Y href http://finance.sina.com.cn/stock/hyyj/20141201/145220966317.shtml
[u'http://finance.sina.com.cn/stock/t/20141127/144620937879.shtml']
[公司]新亚制程:积极在产品线上与华为合作
http://finance.sina.com.cn/stock/t/20141127/144620937879.shtml
request Y href http://finance.sina.com.cn/stock/t/20141127/144620937879.shtml
[u'http://finance.sina.com.cn/stock/t/20141127/142020937608.shtml']
[公司]新亚制程:赛翡目前已取得部分订单
http://finance.sina.com.cn/stock/t/20141127/142020937608.shtml
request Y href http://finance.sina.com.cn/stock/t/20141127/142020937608.shtml
[u'http://finance.sina.com.cn/stock/hyyj/20141126/111420925181.shtml']
国泰君安2015电子行业策略 四维度推荐14股(名单)
http://finance.sina.com.cn/stock/hyyj/20141126/111420925181.shtml
request Y href http://finance.sina.com.cn/stock/hyyj/20141126/111420925181.shtml
[u'http://finance.sina.com.cn/stock/hyyj/20141126/103920924748.shtml']
国泰君安2015年A股策略展望 沪指将有30%上升空间
http://finance.sina.com.cn/stock/hyyj/20141126/103920924748.shtml
request Y href http://finance.sina.com.cn/stock/hyyj/20141126/103920924748.shtml
[u'http://finance.sina.com.cn/china/dfjj/20141118/225420854046.shtml']
权威人士：广东自贸区不设两份负面清单
http://finance.sina.com.cn/china/dfjj/20141118/225420854046.shtml
request Y href http://finance.sina.com.cn/china/dfjj/20141118/225420854046.shtml
[u'http://finance.sina.com.cn/stock/s/20141114/023720813660.shtml']
47家公司重组搁浅溯源 逾六成因价格问题
http://finance.sina.com.cn/stock/s/20141114/023720813660.shtml
request Y href http://finance.sina.com.cn/stock/s/20141114/023720813660.shtml
[u'http://finance.sina.com.cn/stock/hyyj/20141113/085320805499.shtml']
广东国资改革方案落地 概念股蓄势待发
http://finance.sina.com.cn/stock/hyyj/20141113/085320805499.shtml
request Y href http://finance.sina.com.cn/stock/hyyj/20141113/085320805499.shtml
下载y页面 url: http://finance.sina.com.cn/stock/s/20150710/075022647014.shtml完成
connect mysql sinaData suc!
insert suc!
下载y页面 url: http://finance.sina.com.cn/stock/s/20150626/174622528353.shtml完成
connect mysql sinaData suc!
insert suc!
[u'http://finance.sina.com.cn/stock/hyyj/20141113/013420801737.shtml']
广东国企改革方案落地 机构趁涨甩卖概念股
http://finance.sina.com.cn/stock/hyyj/20141113/013420801737.shtml
request Y href http://finance.sina.com.cn/stock/hyyj/20141113/013420801737.shtml
[u'http://finance.sina.com.cn/stock/s/20141107/173220762192.shtml']
11月7日上市公司晚间公告速递
http://finance.sina.com.cn/stock/s/20141107/173220762192.shtml
request Y href http://finance.sina.com.cn/stock/s/20141107/173220762192.shtml
[u'http://finance.sina.com.cn/stock/s/20141107/014720754187.shtml']
大股东高位套现输血上市公司频现
http://finance.sina.com.cn/stock/s/20141107/014720754187.shtml
request Y href http://finance.sina.com.cn/stock/s/20141107/014720754187.shtml
[u'http://finance.sina.com.cn/stock/t/20141104/110620726209.shtml']
[互动]新亚制程:蓝宝石材料有较大发展空间
http://finance.sina.com.cn/stock/t/20141104/110620726209.shtml
request Y href http://finance.sina.com.cn/stock/t/20141104/110620726209.shtml
[u'http://finance.sina.com.cn/stock/t/20141026/204820644332.shtml']
[季报]新亚制程前三季净利1051万 同比增8%
http://finance.sina.com.cn/stock/t/20141026/204820644332.shtml
request Y href http://finance.sina.com.cn/stock/t/20141026/204820644332.shtml
[u'http://finance.sina.com.cn/stock/s/20141026/171420644011.shtml']
10月26日上市公司晚间公告速递
http://finance.sina.com.cn/stock/s/20141026/171420644011.shtml
request Y href http://finance.sina.com.cn/stock/s/20141026/171420644011.shtml
[u'http://finance.sina.com.cn/stock/hyyj/20141013/093720520652.shtml']
电子元器件行业:美半导体股票下挫对A股影响有限
http://finance.sina.com.cn/stock/hyyj/20141013/093720520652.shtml
request Y href http://finance.sina.com.cn/stock/hyyj/20141013/093720520652.shtml
下载y页面 url: http://finance.sina.com.cn/stock/s/20150624/171522506486.shtml完成
connect mysql sinaData suc!
insert suc!
下载y页面 url: http://finance.sina.com.cn/stock/s/20150623/170622496464.shtml完成
connect mysql sinaData suc!
insert suc!
下载y页面 url: http://finance.sina.com.cn/stock/s/20150625/071822512532.shtml完成
connect mysql sinaData suc!
insert suc!
下载y页面 url: http://finance.sina.com.cn/stock/s/20150701/072222560237.shtml完成
connect mysql sinaData suc!
insert suc!
下载y页面 url: http://finance.sina.com.cn/stock/s/20150630/171722554649.shtml完成
connect mysql sinaData suc!
insert suc!
下载y页面 url: http://finance.sina.com.cn/stock/s/20150624/070522501726.shtml完成
connect mysql sinaData suc!
insert suc!
下载y页面 url: http://finance.sina.com.cn/stock/s/20150714/184422683940.shtml完成
connect mysql sinaData suc!
insert suc!
下载y页面 url: http://finance.sina.com.cn/stock/s/20150413/165721944380.shtml完成
connect mysql sinaData suc!
insert suc!
下载y页面 url: http://finance.sina.com.cn/stock/t/20150413/214121945789.shtml完成
connect mysql sinaData suc!
insert suc!
下载y页面 url: http://finance.sina.com.cn/stock/s/20150710/170622651996.shtml完成
connect mysql sinaData suc!
insert suc!
下载y页面 url: http://finance.sina.com.cn/china/20150419/162721990836.shtml完成
connect mysql sinaData suc!
insert suc!
下载y页面 url: http://finance.sina.com.cn/stock/s/20150715/073822690538.shtml完成
connect mysql sinaData suc!
insert suc!
下载y页面 url: http://finance.sina.com.cn/stock/s/20150426/181222047037.shtml完成
connect mysql sinaData suc!
insert suc!
下载y页面 url: http://finance.sina.com.cn/stock/s/20150414/070621949330.shtml完成
connect mysql sinaData suc!
insert suc!
下载y页面 url: http://finance.sina.com.cn/stock/s/20150413/160921944034.shtml完成
connect mysql sinaData suc!
insert suc!
下载y页面 url: http://finance.sina.com.cn/stock/t/20150210/192321521703.shtml完成
connect mysql sinaData suc!
insert suc!
下载y页面 url: http://finance.sina.com.cn/stock/t/20150210/192321522262.shtml完成
connect mysql sinaData suc!
insert suc!
下载y页面 url: http://finance.sina.com.cn/china/dfjj/20150211/015921524253.shtml完成
connect mysql sinaData suc!
insert suc!
下载y页面 url: http://finance.sina.com.cn/stock/hyyj/20141113/085320805499.shtml完成
connect mysql sinaData suc!
insert suc!
下载y页面 url: http://finance.sina.com.cn/stock/s/20150210/170421520887.shtml完成
connect mysql sinaData suc!
insert suc!
下载y页面 url: http://finance.sina.com.cn/stock/s/20141114/023720813660.shtml完成
connect mysql sinaData suc!
insert suc!
下载y页面 url: http://finance.sina.com.cn/china/dfjj/20141118/225420854046.shtml完成
connect mysql sinaData suc!
insert suc!
下载y页面 url: http://finance.sina.com.cn/stock/hyyj/20141013/093720520652.shtml完成
connect mysql sinaData suc!
insert suc!
下载y页面 url: http://finance.sina.com.cn/stock/s/20141026/171420644011.shtml完成
connect mysql sinaData suc!
insert suc!
下载y页面 url: http://finance.sina.com.cn/stock/t/20141026/204820644332.shtml完成
connect mysql sinaData suc!
insert suc!
下载y页面 url: http://finance.sina.com.cn/stock/t/20141104/110620726209.shtml完成
connect mysql sinaData suc!
insert suc!
下载y页面 url: http://finance.sina.com.cn/stock/s/20141107/014720754187.shtml完成
connect mysql sinaData suc!
insert suc!
下载y页面 url: http://finance.sina.com.cn/stock/s/20141107/173220762192.shtml完成
connect mysql sinaData suc!
insert suc!
下载y页面 url: http://finance.sina.com.cn/stock/hyyj/20141113/013420801737.shtml完成
connect mysql sinaData suc!
insert suc!
下载x页面 url: http://vip.stock.finance.sina.com.cn/corp/view/vCB_AllNewsStock.php?symbol=sz002388&Page=3完成
getting title's text and href
[u'http://finance.sina.com.cn/stock/hyyj/20141009/164820494366.shtml']
电子元器件行业:GT申请破产保护不代表苹果放弃蓝宝石
http://finance.sina.com.cn/stock/hyyj/20141009/164820494366.shtml
request Y href http://finance.sina.com.cn/stock/hyyj/20141009/164820494366.shtml
下载y页面 url: http://finance.sina.com.cn/stock/hyyj/20141126/103920924748.shtml完成
connect mysql sinaData suc!
insert suc!
下载y页面 url: http://finance.sina.com.cn/stock/hyyj/20141126/111420925181.shtml完成
connect mysql sinaData suc!
insert suc!
下载y页面 url: http://finance.sina.com.cn/stock/t/20141127/142020937608.shtml完成
connect mysql sinaData suc!
insert suc!
下载y页面 url: http://finance.sina.com.cn/stock/t/20141127/144620937879.shtml完成
connect mysql sinaData suc!
insert suc!
[u'http://finance.sina.com.cn/stock/jsy/20141009/145120493324.shtml']
蓝宝石概念反弹 新亚制程涨逾3%
http://finance.sina.com.cn/stock/jsy/20141009/145120493324.shtml
request Y href http://finance.sina.com.cn/stock/jsy/20141009/145120493324.shtml
[u'http://finance.sina.com.cn/stock/t/20141009/143720493266.shtml']
蓝宝石概念反弹 新亚制程涨逾3%
http://finance.sina.com.cn/stock/t/20141009/143720493266.shtml
request Y href http://finance.sina.com.cn/stock/t/20141009/143720493266.shtml
[u'http://finance.sina.com.cn/stock/s/20141009/064820488843.shtml']
股海导航 10月9日沪深股市公告提示
http://finance.sina.com.cn/stock/s/20141009/064820488843.shtml
request Y href http://finance.sina.com.cn/stock/s/20141009/064820488843.shtml
[u'http://finance.sina.com.cn/stock/t/20141008/213420484804.shtml']
新亚制程澄清说明蓝宝石大订单事宜 明复牌
http://finance.sina.com.cn/stock/t/20141008/213420484804.shtml
request Y href http://finance.sina.com.cn/stock/t/20141008/213420484804.shtml
下载y页面 url: http://finance.sina.com.cn/stock/hyyj/20141201/145220966317.shtml完成
connect mysql sinaData suc!
insert suc!
下载y页面 url: http://finance.sina.com.cn/stock/t/20150123/172721384732.shtml完成
connect mysql sinaData suc!
insert suc!
[u'http://finance.sina.com.cn/stock/t/20141008/212320484760.shtml']
[公司]新亚制程9日复牌 广东赛翡订单大增
http://finance.sina.com.cn/stock/t/20141008/212320484760.shtml
request Y href http://finance.sina.com.cn/stock/t/20141008/212320484760.shtml
[u'http://finance.sina.com.cn/stock/s/20141008/162720483144.shtml']
10月8日上市公司晚间公告速递
http://finance.sina.com.cn/stock/s/20141008/162720483144.shtml
request Y href http://finance.sina.com.cn/stock/s/20141008/162720483144.shtml
[u'http://finance.sina.com.cn/stock/hyyj/20141008/142320482331.shtml']
元件行业:美国蓝宝石供应商GTATGTAT申请破产点评
http://finance.sina.com.cn/stock/hyyj/20141008/142320482331.shtml
request Y href http://finance.sina.com.cn/stock/hyyj/20141008/142320482331.shtml
[u'http://finance.sina.com.cn/stock/hyyj/20141008/024620476941.shtml']
苹果小伙伴GTAT申请破产保护 蓝宝石仍被看好
http://finance.sina.com.cn/stock/hyyj/20141008/024620476941.shtml
request Y href http://finance.sina.com.cn/stock/hyyj/20141008/024620476941.shtml
[u'http://finance.sina.com.cn/stock/t/20140929/092620440915.shtml']
[公司]新亚制程今停牌 报称获蓝宝石大订单
http://finance.sina.com.cn/stock/t/20140929/092620440915.shtml
request Y href http://finance.sina.com.cn/stock/t/20140929/092620440915.shtml
[u'http://finance.sina.com.cn/stock/s/20140926/142020424065.shtml']
新亚制程蓝宝石子公司获国际客户大订单
http://finance.sina.com.cn/stock/s/20140926/142020424065.shtml
request Y href http://finance.sina.com.cn/stock/s/20140926/142020424065.shtml
[u'http://finance.sina.com.cn/stock/s/20140926/064420419043.shtml']
股海导航 9月26日沪深股市公告提示
http://finance.sina.com.cn/stock/s/20140926/064420419043.shtml
request Y href http://finance.sina.com.cn/stock/s/20140926/064420419043.shtml
[u'http://finance.sina.com.cn/stock/s/20140925/170920413802.shtml']
9月25日上市公司晚间公告速递
http://finance.sina.com.cn/stock/s/20140925/170920413802.shtml
request Y href http://finance.sina.com.cn/stock/s/20140925/170920413802.shtml
[u'http://finance.sina.com.cn/stock/s/20140925/013920405138.shtml']
虚虚实实的重组败局：忽悠式重组演绎虽败犹涨
http://finance.sina.com.cn/stock/s/20140925/013920405138.shtml
request Y href http://finance.sina.com.cn/stock/s/20140925/013920405138.shtml
[u'http://finance.sina.com.cn/stock/s/20140917/170320320474.shtml']
9月17日上市公司晚间公告速递
http://finance.sina.com.cn/stock/s/20140917/170320320474.shtml
request Y href http://finance.sina.com.cn/stock/s/20140917/170320320474.shtml
[u'http://finance.sina.com.cn/stock/hyyj/20140914/133320287497.shtml']
iPhone6上市 A股苹果产业链再获生机
http://finance.sina.com.cn/stock/hyyj/20140914/133320287497.shtml
request Y href http://finance.sina.com.cn/stock/hyyj/20140914/133320287497.shtml
[u'http://finance.sina.com.cn/stock/s/20140911/172220268039.shtml']
9月11日上市公司晚间公告速递
http://finance.sina.com.cn/stock/s/20140911/172220268039.shtml
request Y href http://finance.sina.com.cn/stock/s/20140911/172220268039.shtml
[u'http://finance.sina.com.cn/stock/hyyj/20140911/090120263664.shtml']
蓝宝石标的业绩承诺一浪更比一浪高
http://finance.sina.com.cn/stock/hyyj/20140911/090120263664.shtml
request Y href http://finance.sina.com.cn/stock/hyyj/20140911/090120263664.shtml
[u'http://finance.sina.com.cn/stock/s/20140911/071120261966.shtml']
股海导航 9月11日沪深股市公告提示
http://finance.sina.com.cn/stock/s/20140911/071120261966.shtml
request Y href http://finance.sina.com.cn/stock/s/20140911/071120261966.shtml
[u'http://finance.sina.com.cn/stock/hyyj/20140911/024620260006.shtml']
蓝宝石标的业绩承诺一浪更比一浪高
http://finance.sina.com.cn/stock/hyyj/20140911/024620260006.shtml
request Y href http://finance.sina.com.cn/stock/hyyj/20140911/024620260006.shtml
[u'http://finance.sina.com.cn/stock/hyyj/20140911/020420259133.shtml']
蓝宝石市场规模启动还看明年
http://finance.sina.com.cn/stock/hyyj/20140911/020420259133.shtml
request Y href http://finance.sina.com.cn/stock/hyyj/20140911/020420259133.shtml
[u'http://finance.sina.com.cn/stock/s/20140910/174420256768.shtml']
9月10日上市公司晚间公告速递
http://finance.sina.com.cn/stock/s/20140910/174420256768.shtml
request Y href http://finance.sina.com.cn/stock/s/20140910/174420256768.shtml
下载y页面 url: http://finance.sina.com.cn/stock/s/20150115/165421307233.shtml完成
connect mysql sinaData suc!
insert suc!
下载y页面 url: http://finance.sina.com.cn/stock/s/20150116/065721312718.shtml完成
connect mysql sinaData suc!
insert suc!
下载y页面 url: http://finance.sina.com.cn/stock/t/20150129/180321429793.shtml完成
connect mysql sinaData suc!
insert suc!
[u'http://finance.sina.com.cn/stock/s/20140910/165920256398.shtml']
2014年公司并购案终止62起：10大原因让重组搁浅
http://finance.sina.com.cn/stock/s/20140910/165920256398.shtml
request Y href http://finance.sina.com.cn/stock/s/20140910/165920256398.shtml
[u'http://finance.sina.com.cn/stock/hyyj/20140910/105820255028.shtml']
电子元器件行业:行业业绩逐季提升 旺季需求再添一把火
http://finance.sina.com.cn/stock/hyyj/20140910/105820255028.shtml
request Y href http://finance.sina.com.cn/stock/hyyj/20140910/105820255028.shtml
[u'http://finance.sina.com.cn/stock/s/20140910/070820250794.shtml']
股海导航 9月10日沪深股市公告提示
http://finance.sina.com.cn/stock/s/20140910/070820250794.shtml
request Y href http://finance.sina.com.cn/stock/s/20140910/070820250794.shtml
[u'http://finance.sina.com.cn/stock/s/20140910/022520248508.shtml']
购广东赛翡10%股权 新亚制程布局蓝宝石产业链
http://finance.sina.com.cn/stock/s/20140910/022520248508.shtml
request Y href http://finance.sina.com.cn/stock/s/20140910/022520248508.shtml
[u'http://finance.sina.com.cn/stock/gujiayidong/20140901/135820179392.shtml']
快讯：欧菲光证实涉及全息手机 盘中一度涨停
http://finance.sina.com.cn/stock/gujiayidong/20140901/135820179392.shtml
request Y href http://finance.sina.com.cn/stock/gujiayidong/20140901/135820179392.shtml
[u'http://finance.sina.com.cn/stock/s/20140828/065020144437.shtml']
股海导航 8月28日沪深股市公告提示
http://finance.sina.com.cn/stock/s/20140828/065020144437.shtml
request Y href http://finance.sina.com.cn/stock/s/20140828/065020144437.shtml
[u'http://finance.sina.com.cn/stock/s/20140827/173720138232.shtml']
8月27日上市公司晚间公告速递
http://finance.sina.com.cn/stock/s/20140827/173720138232.shtml
request Y href http://finance.sina.com.cn/stock/s/20140827/173720138232.shtml
[u'http://finance.sina.com.cn/stock/hyyj/20140825/065920107186.shtml']
改革将为广东国企带来并购重组机会 关联个股机会大
http://finance.sina.com.cn/stock/hyyj/20140825/065920107186.shtml
request Y href http://finance.sina.com.cn/stock/hyyj/20140825/065920107186.shtml
[u'http://finance.sina.com.cn/stock/stockptd/20140819/082220052136.shtml']
广东国资改革意见出炉 力度超预期
http://finance.sina.com.cn/stock/stockptd/20140819/082220052136.shtml
request Y href http://finance.sina.com.cn/stock/stockptd/20140819/082220052136.shtml
[u'http://finance.sina.com.cn/stock/e/20140811/145419974458.shtml']
快讯：触摸屏概念股强势 华东科技涨停
http://finance.sina.com.cn/stock/e/20140811/145419974458.shtml
request Y href http://finance.sina.com.cn/stock/e/20140811/145419974458.shtml
[u'http://finance.sina.com.cn/stock/s/20140806/080219926359.shtml']
股海导航 8月6日沪深股市公告提示
http://finance.sina.com.cn/stock/s/20140806/080219926359.shtml
request Y href http://finance.sina.com.cn/stock/s/20140806/080219926359.shtml
[u'http://finance.sina.com.cn/stock/s/20140805/165019919640.shtml']
8月5日上市公司晚间公告速递
http://finance.sina.com.cn/stock/s/20140805/165019919640.shtml
request Y href http://finance.sina.com.cn/stock/s/20140805/165019919640.shtml
[u'http://finance.sina.com.cn/stock/s/20140619/063219456420.shtml']
股海导航 6月19日沪深股市公告提示
http://finance.sina.com.cn/stock/s/20140619/063219456420.shtml
request Y href http://finance.sina.com.cn/stock/s/20140619/063219456420.shtml
[u'http://finance.sina.com.cn/stock/s/20140619/054819455828.shtml']
26家A股公司汇聚深圳前海 探路转型与创新
http://finance.sina.com.cn/stock/s/20140619/054819455828.shtml
request Y href http://finance.sina.com.cn/stock/s/20140619/054819455828.shtml
[u'http://finance.sina.com.cn/stock/s/20140618/170319451270.shtml']
6月18日上市公司晚间公告速递
http://finance.sina.com.cn/stock/s/20140618/170319451270.shtml
request Y href http://finance.sina.com.cn/stock/s/20140618/170319451270.shtml
[u'http://finance.sina.com.cn/consume/puguangtai/20140612/023919384959.shtml']
东莞臭脚米粉涉事企业停业整顿:照片拍于半年前
http://finance.sina.com.cn/consume/puguangtai/20140612/023919384959.shtml
request Y href http://finance.sina.com.cn/consume/puguangtai/20140612/023919384959.shtml
下载y页面 url: http://finance.sina.com.cn/stock/s/20150123/173721384290.shtml完成
connect mysql sinaData suc!
insert suc!
下载y页面 url: http://finance.sina.com.cn/stock/t/20150129/210821430837.shtml完成
connect mysql sinaData suc!
insert suc!
下载y页面 url: http://finance.sina.com.cn/stock/s/20150128/064621415343.shtml完成
connect mysql sinaData suc!
insert suc!
下载y页面 url: http://finance.sina.com.cn/stock/s/20150129/171821429390.shtml完成
connect mysql sinaData suc!
insert suc!
[u'http://finance.sina.com.cn/chanjing/gsnews/20140605/222019327634.shtml']
微软：从未协助任何政府攻击其它政府或客户
http://finance.sina.com.cn/chanjing/gsnews/20140605/222019327634.shtml
request Y href http://finance.sina.com.cn/chanjing/gsnews/20140605/222019327634.shtml
[u'http://finance.sina.com.cn/consume/qyzh/20140603/184419302211.shtml']
尼康召回部分单反相机电池 数量为9725件
http://finance.sina.com.cn/consume/qyzh/20140603/184419302211.shtml
request Y href http://finance.sina.com.cn/consume/qyzh/20140603/184419302211.shtml
下载y页面 url: http://finance.sina.com.cn/china/dfjj/20150210/134421519365.shtml完成
connect mysql sinaData suc!
insert suc!
下载y页面 url: http://finance.sina.com.cn/stock/s/20150130/065921435187.shtml完成
connect mysql sinaData suc!
insert suc!
下载y页面 url: http://finance.sina.com.cn/stock/hyyj/20150212/173321540658.shtml完成
connect mysql sinaData suc!
insert suc!
下载y页面 url: http://finance.sina.com.cn/stock/s/20150227/170321608313.shtml完成
connect mysql sinaData suc!
insert suc!
下载y页面 url: http://finance.sina.com.cn/stock/s/20150211/071021526352.shtml完成
connect mysql sinaData suc!
insert suc!
下载y页面 url: http://finance.sina.com.cn/stock/hyyj/20141009/164820494366.shtml完成
connect mysql sinaData suc!
insert suc!
下载y页面 url: http://finance.sina.com.cn/stock/s/20150212/170621540497.shtml完成
connect mysql sinaData suc!
insert suc!
下载y页面 url: http://finance.sina.com.cn/stock/s/20150213/065821545675.shtml完成
connect mysql sinaData suc!
insert suc!
下载y页面 url: http://finance.sina.com.cn/stock/t/20150227/213521609575.shtml完成
connect mysql sinaData suc!
insert suc!
下载y页面 url: http://finance.sina.com.cn/stock/t/20141008/213420484804.shtml完成
connect mysql sinaData suc!
insert suc!
下载y页面 url: http://finance.sina.com.cn/stock/t/20141009/143720493266.shtml完成
connect mysql sinaData suc!
insert suc!
下载y页面 url: http://finance.sina.com.cn/stock/hyyj/20140911/020420259133.shtml完成
connect mysql sinaData suc!
insert suc!
下载y页面 url: http://finance.sina.com.cn/stock/hyyj/20140911/024620260006.shtml完成
connect mysql sinaData suc!
insert suc!
下载y页面 url: http://finance.sina.com.cn/stock/s/20141009/064820488843.shtml完成
connect mysql sinaData suc!
insert suc!
下载y页面 url: http://finance.sina.com.cn/consume/puguangtai/20140612/023919384959.shtml完成
connect mysql sinaData suc!
insert suc!
下载y页面 url: http://finance.sina.com.cn/stock/s/20140910/174420256768.shtml完成
connect mysql sinaData suc!
insert suc!
下载y页面 url: http://finance.sina.com.cn/stock/s/20140911/071120261966.shtml完成
connect mysql sinaData suc!
insert suc!
下载y页面 url: http://finance.sina.com.cn/consume/qyzh/20140603/184419302211.shtml完成
connect mysql sinaData suc!
insert suc!
下载y页面 url: http://finance.sina.com.cn/stock/s/20140618/170319451270.shtml完成
connect mysql sinaData suc!
insert suc!
下载y页面 url: http://finance.sina.com.cn/chanjing/gsnews/20140605/222019327634.shtml完成
connect mysql sinaData suc!
insert suc!
下载y页面 url: http://finance.sina.com.cn/stock/s/20140619/054819455828.shtml完成
connect mysql sinaData suc!
insert suc!
下载x页面 url: http://vip.stock.finance.sina.com.cn/corp/view/vCB_AllNewsStock.php?symbol=sz002388&Page=4完成
getting title's text and href
[u'http://finance.sina.com.cn/china/20140603/005319293165.shtml']
北京楼市或迎实质性降价 库存达2013年来最高点
http://finance.sina.com.cn/china/20140603/005319293165.shtml
request Y href http://finance.sina.com.cn/china/20140603/005319293165.shtml
下载y页面 url: http://finance.sina.com.cn/stock/s/20140806/080219926359.shtml完成
connect mysql sinaData suc!
insert suc!
下载y页面 url: http://finance.sina.com.cn/stock/s/20140619/063219456420.shtml完成
connect mysql sinaData suc!
insert suc!
下载y页面 url: http://finance.sina.com.cn/stock/e/20140811/145419974458.shtml完成
connect mysql sinaData suc!
insert suc!
下载y页面 url: http://finance.sina.com.cn/stock/stockptd/20140819/082220052136.shtml完成
connect mysql sinaData suc!
insert suc!
下载y页面 url: http://finance.sina.com.cn/stock/s/20140805/165019919640.shtml完成
connect mysql sinaData suc!
insert suc!
下载y页面 url: http://finance.sina.com.cn/stock/hyyj/20140825/065920107186.shtml完成
connect mysql sinaData suc!
insert suc!
下载y页面 url: http://finance.sina.com.cn/stock/s/20140828/065020144437.shtml完成
connect mysql sinaData suc!
insert suc!
[u'http://finance.sina.com.cn/stock/s/20140529/064519259984.shtml']
股海导航 5月29日沪深股市公告提示
http://finance.sina.com.cn/stock/s/20140529/064519259984.shtml
request Y href http://finance.sina.com.cn/stock/s/20140529/064519259984.shtml
[u'http://finance.sina.com.cn/stock/s/20140528/173019254661.shtml']
5月28日上市公司晚间公告速递
http://finance.sina.com.cn/stock/s/20140528/173019254661.shtml
request Y href http://finance.sina.com.cn/stock/s/20140528/173019254661.shtml
[u'http://finance.sina.com.cn/stock/t/20140521/112619178856.shtml']
[互动]新亚制程:公司自动锁螺丝机未批量生产
http://finance.sina.com.cn/stock/t/20140521/112619178856.shtml
request Y href http://finance.sina.com.cn/stock/t/20140521/112619178856.shtml
[u'http://finance.sina.com.cn/stock/s/20140521/070119174238.shtml']
股海导航 5月21日沪深股市公告提示
http://finance.sina.com.cn/stock/s/20140521/070119174238.shtml
request Y href http://finance.sina.com.cn/stock/s/20140521/070119174238.shtml
[u'http://finance.sina.com.cn/stock/s/20140521/033919172071.shtml']
夭折的重组：年内已有57公司宣布终止资产重组
http://finance.sina.com.cn/stock/s/20140521/033919172071.shtml
request Y href http://finance.sina.com.cn/stock/s/20140521/033919172071.shtml
[u'http://finance.sina.com.cn/stock/t/20140520/213419170074.shtml']
[公司]新亚制程转让子公司股份 推合伙人制度
http://finance.sina.com.cn/stock/t/20140520/213419170074.shtml
request Y href http://finance.sina.com.cn/stock/t/20140520/213419170074.shtml
[u'http://finance.sina.com.cn/stock/s/20140520/171719168611.shtml']
5月20日上市公司晚间公告速递
http://finance.sina.com.cn/stock/s/20140520/171719168611.shtml
request Y href http://finance.sina.com.cn/stock/s/20140520/171719168611.shtml
[u'http://finance.sina.com.cn/stock/t/20140507/170919031832.shtml']
[路演]新亚制程:自动化替代人工以降低成本
http://finance.sina.com.cn/stock/t/20140507/170919031832.shtml
request Y href http://finance.sina.com.cn/stock/t/20140507/170919031832.shtml
[u'http://finance.sina.com.cn/stock/e/20140507/103519027777.shtml']
触摸屏概念走强 金龙机电大涨
http://finance.sina.com.cn/stock/e/20140507/103519027777.shtml
request Y href http://finance.sina.com.cn/stock/e/20140507/103519027777.shtml
[u'http://finance.sina.com.cn/stock/s/20140428/171418949250.shtml']
4月28日上市公司晚间公告速递
http://finance.sina.com.cn/stock/s/20140428/171418949250.shtml
request Y href http://finance.sina.com.cn/stock/s/20140428/171418949250.shtml
[u'http://finance.sina.com.cn/stock/t/20140428/010118938874.shtml']
新亚制程拟前海设投资公司
http://finance.sina.com.cn/stock/t/20140428/010118938874.shtml
request Y href http://finance.sina.com.cn/stock/t/20140428/010118938874.shtml
[u'http://finance.sina.com.cn/stock/t/20140427/202318937776.shtml']
新亚制程拟合资2000万元前海设投资公司
http://finance.sina.com.cn/stock/t/20140427/202318937776.shtml
request Y href http://finance.sina.com.cn/stock/t/20140427/202318937776.shtml
[u'http://finance.sina.com.cn/stock/s/20140425/172118927018.shtml']
4月25日上市公司晚间公告速递
http://finance.sina.com.cn/stock/s/20140425/172118927018.shtml
request Y href http://finance.sina.com.cn/stock/s/20140425/172118927018.shtml
[u'http://finance.sina.com.cn/china/dfjj/20140415/105018802292.shtml']
广东省长：粤港澳自贸区设想获中央支持
http://finance.sina.com.cn/china/dfjj/20140415/105018802292.shtml
request Y href http://finance.sina.com.cn/china/dfjj/20140415/105018802292.shtml
[u'http://finance.sina.com.cn/stock/s/20140408/170718736147.shtml']
4月8日上市公司晚间公告速递
http://finance.sina.com.cn/stock/s/20140408/170718736147.shtml
request Y href http://finance.sina.com.cn/stock/s/20140408/170718736147.shtml
下载y页面 url: http://finance.sina.com.cn/stock/gujiayidong/20140901/135820179392.shtml完成
connect mysql sinaData suc!
insert suc!
[u'http://finance.sina.com.cn/stock/s/20140404/233018718590.shtml']
顺荣股份重组折戟 5倍涨幅诱惑私募押宝
http://finance.sina.com.cn/stock/s/20140404/233018718590.shtml
request Y href http://finance.sina.com.cn/stock/s/20140404/233018718590.shtml
[u'http://finance.sina.com.cn/stock/s/20140401/172118681399.shtml']
4月1日上市公司晚间公告速递
http://finance.sina.com.cn/stock/s/20140401/172118681399.shtml
request Y href http://finance.sina.com.cn/stock/s/20140401/172118681399.shtml
[u'http://finance.sina.com.cn/china/dfjj/20140331/045218660677.shtml']
广东正积极申报自贸区 制定两份清单
http://finance.sina.com.cn/china/dfjj/20140331/045218660677.shtml
request Y href http://finance.sina.com.cn/china/dfjj/20140331/045218660677.shtml
[u'http://finance.sina.com.cn/stock/s/20140321/065418572329.shtml']
股海导航 3月21日沪深股市公告提示
http://finance.sina.com.cn/stock/s/20140321/065418572329.shtml
request Y href http://finance.sina.com.cn/stock/s/20140321/065418572329.shtml
[u'http://finance.sina.com.cn/stock/t/20140320/204218570042.shtml']
[公司]新亚制程遭实际控制人减持211.59万股
http://finance.sina.com.cn/stock/t/20140320/204218570042.shtml
request Y href http://finance.sina.com.cn/stock/t/20140320/204218570042.shtml
[u'http://finance.sina.com.cn/stock/t/20140320/184618567371.shtml']
新亚制程遭实际控制人减持212万股
http://finance.sina.com.cn/stock/t/20140320/184618567371.shtml
request Y href http://finance.sina.com.cn/stock/t/20140320/184618567371.shtml
[u'http://finance.sina.com.cn/stock/s/20140320/173218566825.shtml']
3月20日上市公司晚间公告速递
http://finance.sina.com.cn/stock/s/20140320/173218566825.shtml
request Y href http://finance.sina.com.cn/stock/s/20140320/173218566825.shtml
[u'http://finance.sina.com.cn/stock/s/20140319/170618554258.shtml']
3月19日上市公司晚间公告速递
http://finance.sina.com.cn/stock/s/20140319/170618554258.shtml
request Y href http://finance.sina.com.cn/stock/s/20140319/170618554258.shtml
[u'http://finance.sina.com.cn/stock/s/20140314/064718505790.shtml']
股海导航 3月14日沪深股市公告提示
http://finance.sina.com.cn/stock/s/20140314/064718505790.shtml
request Y href http://finance.sina.com.cn/stock/s/20140314/064718505790.shtml
[u'http://finance.sina.com.cn/stock/t/20140314/040218504320.shtml']
新亚制程实际控制人首次减持
http://finance.sina.com.cn/stock/t/20140314/040218504320.shtml
request Y href http://finance.sina.com.cn/stock/t/20140314/040218504320.shtml
[u'http://finance.sina.com.cn/stock/t/20140313/195318501322.shtml']
新亚制程遭实际控制人累计减持逾200万股
http://finance.sina.com.cn/stock/t/20140313/195318501322.shtml
request Y href http://finance.sina.com.cn/stock/t/20140313/195318501322.shtml
[u'http://finance.sina.com.cn/stock/s/20140313/171618500386.shtml']
3月13日上市公司晚间公告速递
http://finance.sina.com.cn/stock/s/20140313/171618500386.shtml
request Y href http://finance.sina.com.cn/stock/s/20140313/171618500386.shtml
[u'http://finance.sina.com.cn/stock/hyyj/20140311/021918465942.shtml']
两会现场传佳音 广东自贸区概念股逆市逞强
http://finance.sina.com.cn/stock/hyyj/20140311/021918465942.shtml
request Y href http://finance.sina.com.cn/stock/hyyj/20140311/021918465942.shtml
[u'http://finance.sina.com.cn/stock/s/20140307/065218434297.shtml']
股海导航 3月7日沪深股市公告提示
http://finance.sina.com.cn/stock/s/20140307/065218434297.shtml
request Y href http://finance.sina.com.cn/stock/s/20140307/065218434297.shtml
下载y页面 url: http://finance.sina.com.cn/stock/s/20140827/173720138232.shtml完成
connect mysql sinaData suc!
insert suc!
下载y页面 url: http://finance.sina.com.cn/stock/s/20140910/022520248508.shtml完成
connect mysql sinaData suc!
insert suc!
下载y页面 url: http://finance.sina.com.cn/stock/hyyj/20140910/105820255028.shtml完成
connect mysql sinaData suc!
insert suc!
下载y页面 url: http://finance.sina.com.cn/stock/s/20140910/165920256398.shtml完成
connect mysql sinaData suc!
insert suc!
下载y页面 url: http://finance.sina.com.cn/stock/hyyj/20140911/090120263664.shtml完成
connect mysql sinaData suc!
insert suc!
[u'http://finance.sina.com.cn/stock/s/20140306/170418428503.shtml']
3月6日上市公司晚间公告速递
http://finance.sina.com.cn/stock/s/20140306/170418428503.shtml
request Y href http://finance.sina.com.cn/stock/s/20140306/170418428503.shtml
[u'http://finance.sina.com.cn/stock/hyyj/20140306/013918418020.shtml']
资产注入预期升温 广东国资股受追捧
http://finance.sina.com.cn/stock/hyyj/20140306/013918418020.shtml
request Y href http://finance.sina.com.cn/stock/hyyj/20140306/013918418020.shtml
[u'http://finance.sina.com.cn/stock/hyyj/20140303/065218382476.shtml']
广东国资改革盛宴开席 三领域受益股有望成淘金乐土
http://finance.sina.com.cn/stock/hyyj/20140303/065218382476.shtml
request Y href http://finance.sina.com.cn/stock/hyyj/20140303/065218382476.shtml
[u'http://finance.sina.com.cn/china/dfjj/20140228/092318364792.shtml']
广东国资改革进入实操阶段 首批推出54个项目
http://finance.sina.com.cn/china/dfjj/20140228/092318364792.shtml
request Y href http://finance.sina.com.cn/china/dfjj/20140228/092318364792.shtml
[u'http://finance.sina.com.cn/stock/hyyj/20140228/083918364012.shtml']
广东国企改革已启动 政策利好刺激投资机会
http://finance.sina.com.cn/stock/hyyj/20140228/083918364012.shtml
request Y href http://finance.sina.com.cn/stock/hyyj/20140228/083918364012.shtml
[u'http://finance.sina.com.cn/stock/s/20140228/065418362297.shtml']
股海导航 2月28日沪深股市公告提示
http://finance.sina.com.cn/stock/s/20140228/065418362297.shtml
request Y href http://finance.sina.com.cn/stock/s/20140228/065418362297.shtml
[u'http://finance.sina.com.cn/china/dfjj/20140228/024118359575.shtml']
广东国资混合制提速：千亿国有股权引入民资
http://finance.sina.com.cn/china/dfjj/20140228/024118359575.shtml
request Y href http://finance.sina.com.cn/china/dfjj/20140228/024118359575.shtml
[u'http://finance.sina.com.cn/stock/t/20140227/093318350661.shtml']
新亚制程研发自动化设备 股价大涨7%
http://finance.sina.com.cn/stock/t/20140227/093318350661.shtml
request Y href http://finance.sina.com.cn/stock/t/20140227/093318350661.shtml
[u'http://finance.sina.com.cn/stock/t/20140226/225718343056.shtml']
[公司]新亚制程:正研发自动化打螺丝解决方案
http://finance.sina.com.cn/stock/t/20140226/225718343056.shtml
request Y href http://finance.sina.com.cn/stock/t/20140226/225718343056.shtml
[u'http://finance.sina.com.cn/stock/t/20140226/200418342230.shtml']
新亚制程正在研发自动化打螺丝解决方案
http://finance.sina.com.cn/stock/t/20140226/200418342230.shtml
request Y href http://finance.sina.com.cn/stock/t/20140226/200418342230.shtml
下载y页面 url: http://finance.sina.com.cn/stock/s/20140910/070820250794.shtml完成
connect mysql sinaData suc!
insert suc!
下载y页面 url: http://finance.sina.com.cn/stock/hyyj/20140914/133320287497.shtml完成
connect mysql sinaData suc!
insert suc!
下载y页面 url: http://finance.sina.com.cn/stock/s/20140917/170320320474.shtml完成
connect mysql sinaData suc!
insert suc!
下载y页面 url: http://finance.sina.com.cn/stock/s/20140911/172220268039.shtml完成
connect mysql sinaData suc!
insert suc!
下载y页面 url: http://finance.sina.com.cn/stock/s/20140925/013920405138.shtml完成
connect mysql sinaData suc!
insert suc!
下载y页面 url: http://finance.sina.com.cn/stock/s/20140926/142020424065.shtml完成
connect mysql sinaData suc!
insert suc!
下载y页面 url: http://finance.sina.com.cn/stock/t/20140929/092620440915.shtml完成
connect mysql sinaData suc!
insert suc!
下载y页面 url: http://finance.sina.com.cn/stock/s/20140925/170920413802.shtml完成
connect mysql sinaData suc!
insert suc!
下载y页面 url: http://finance.sina.com.cn/stock/s/20140926/064420419043.shtml完成
connect mysql sinaData suc!
insert suc!
下载y页面 url: http://finance.sina.com.cn/stock/hyyj/20141008/024620476941.shtml完成
connect mysql sinaData suc!
insert suc!
下载y页面 url: http://finance.sina.com.cn/china/20140603/005319293165.shtml完成
connect mysql sinaData suc!
insert suc!
下载y页面 url: http://finance.sina.com.cn/stock/hyyj/20141008/142320482331.shtml完成
connect mysql sinaData suc!
insert suc!
下载y页面 url: http://finance.sina.com.cn/china/dfjj/20140415/105018802292.shtml完成
connect mysql sinaData suc!
insert suc!
下载y页面 url: http://finance.sina.com.cn/stock/s/20140408/170718736147.shtml完成
connect mysql sinaData suc!
insert suc!
下载y页面 url: http://finance.sina.com.cn/stock/s/20140425/172118927018.shtml完成
connect mysql sinaData suc!
insert suc!
下载y页面 url: http://finance.sina.com.cn/stock/t/20140427/202318937776.shtml完成
connect mysql sinaData suc!
insert suc!
下载y页面 url: http://finance.sina.com.cn/stock/s/20140307/065218434297.shtml完成
connect mysql sinaData suc!
insert suc!
下载y页面 url: http://finance.sina.com.cn/stock/hyyj/20140311/021918465942.shtml完成
connect mysql sinaData suc!
insert suc!
下载y页面 url: http://finance.sina.com.cn/stock/t/20140313/195318501322.shtml完成
connect mysql sinaData suc!
insert suc!
下载y页面 url: http://finance.sina.com.cn/stock/t/20140226/200418342230.shtml完成
connect mysql sinaData suc!
insert suc!
下载y页面 url: http://finance.sina.com.cn/stock/s/20140313/171618500386.shtml完成
connect mysql sinaData suc!
insert suc!
下载y页面 url: http://finance.sina.com.cn/stock/t/20140226/225718343056.shtml完成
connect mysql sinaData suc!
insert suc!
下载y页面 url: http://finance.sina.com.cn/stock/t/20140227/093318350661.shtml完成
connect mysql sinaData suc!
insert suc!
下载y页面 url: http://finance.sina.com.cn/china/dfjj/20140228/024118359575.shtml完成
connect mysql sinaData suc!
insert suc!
下载y页面 url: http://finance.sina.com.cn/stock/hyyj/20140228/083918364012.shtml完成
connect mysql sinaData suc!
insert suc!
下载y页面 url: http://finance.sina.com.cn/china/dfjj/20140228/092318364792.shtml完成
connect mysql sinaData suc!
insert suc!
下载x页面 url: http://vip.stock.finance.sina.com.cn/corp/view/vCB_AllNewsStock.php?symbol=sz002388&Page=5完成
getting title's text and href
[u'http://finance.sina.com.cn/stock/s/20140226/171818341108.shtml']
2月26日上市公司晚间公告速递
http://finance.sina.com.cn/stock/s/20140226/171818341108.shtml
request Y href http://finance.sina.com.cn/stock/s/20140226/171818341108.shtml
下载y页面 url: http://finance.sina.com.cn/stock/s/20140228/065418362297.shtml完成
connect mysql sinaData suc!
insert suc!
下载y页面 url: http://finance.sina.com.cn/stock/hyyj/20140303/065218382476.shtml完成
connect mysql sinaData suc!
insert suc!
下载y页面 url: http://finance.sina.com.cn/stock/hyyj/20140306/013918418020.shtml完成
connect mysql sinaData suc!
insert suc!
下载y页面 url: http://finance.sina.com.cn/stock/t/20140314/040218504320.shtml完成
connect mysql sinaData suc!
insert suc!
下载y页面 url: http://finance.sina.com.cn/stock/s/20140314/064718505790.shtml完成
connect mysql sinaData suc!
insert suc!
[u'http://finance.sina.com.cn/stock/t/20140225/092018320866.shtml']
新亚制程：自动化设备目前处于试样阶段
http://finance.sina.com.cn/stock/t/20140225/092018320866.shtml
request Y href http://finance.sina.com.cn/stock/t/20140225/092018320866.shtml
[u'http://finance.sina.com.cn/stock/s/20140219/171818267823.shtml']
2月19日上市公司晚间公告速递
http://finance.sina.com.cn/stock/s/20140219/171818267823.shtml
request Y href http://finance.sina.com.cn/stock/s/20140219/171818267823.shtml
[u'http://finance.sina.com.cn/stock/s/20140219/064818259342.shtml']
股海导航 2月19日沪深股市公告提示
http://finance.sina.com.cn/stock/s/20140219/064818259342.shtml
request Y href http://finance.sina.com.cn/stock/s/20140219/064818259342.shtml
[u'http://finance.sina.com.cn/stock/s/20140219/013218256567.shtml']
洽购对象业绩逊预期 新亚制程增发告吹
http://finance.sina.com.cn/stock/s/20140219/013218256567.shtml
request Y href http://finance.sina.com.cn/stock/s/20140219/013218256567.shtml
[u'http://finance.sina.com.cn/stock/s/20140219/011518256185.shtml']
新亚制程重组搁浅 中止变终止
http://finance.sina.com.cn/stock/s/20140219/011518256185.shtml
request Y href http://finance.sina.com.cn/stock/s/20140219/011518256185.shtml
[u'http://finance.sina.com.cn/stock/s/20140219/005918255524.shtml']
新亚制程终止定增收购资产议案
http://finance.sina.com.cn/stock/s/20140219/005918255524.shtml
request Y href http://finance.sina.com.cn/stock/s/20140219/005918255524.shtml
[u'http://finance.sina.com.cn/stock/t/20140218/201918254630.shtml']
新亚制程终止定增收购资产议案
http://finance.sina.com.cn/stock/t/20140218/201918254630.shtml
request Y href http://finance.sina.com.cn/stock/t/20140218/201918254630.shtml
[u'http://finance.sina.com.cn/stock/s/20140214/064318209143.shtml']
股海导航 2月14日沪深股市公告提示
http://finance.sina.com.cn/stock/s/20140214/064318209143.shtml
request Y href http://finance.sina.com.cn/stock/s/20140214/064318209143.shtml
[u'http://finance.sina.com.cn/stock/t/20140213/195718204442.shtml']
[公司]新亚制程14日停牌 交易双方在最后商洽
http://finance.sina.com.cn/stock/t/20140213/195718204442.shtml
request Y href http://finance.sina.com.cn/stock/t/20140213/195718204442.shtml
[u'http://finance.sina.com.cn/stock/t/20140213/194618204111.shtml']
新亚制程商洽购买资产及配套募资事项 明起停牌
http://finance.sina.com.cn/stock/t/20140213/194618204111.shtml
request Y href http://finance.sina.com.cn/stock/t/20140213/194618204111.shtml
[u'http://finance.sina.com.cn/stock/s/20140213/170718203125.shtml']
2月13日上市公司晚间公告速递
http://finance.sina.com.cn/stock/s/20140213/170718203125.shtml
request Y href http://finance.sina.com.cn/stock/s/20140213/170718203125.shtml
[u'http://finance.sina.com.cn/china/20140213/023418192780.shtml']
粤港澳自贸区范围有望扩大 白云机场保税区或纳入
http://finance.sina.com.cn/china/20140213/023418192780.shtml
request Y href http://finance.sina.com.cn/china/20140213/023418192780.shtml
[u'http://finance.sina.com.cn/stock/hyyj/20140212/141618187213.shtml']
半导体行业望进入爆发期 概念股值得关注
http://finance.sina.com.cn/stock/hyyj/20140212/141618187213.shtml
request Y href http://finance.sina.com.cn/stock/hyyj/20140212/141618187213.shtml
下载y页面 url: http://finance.sina.com.cn/stock/s/20140306/170418428503.shtml完成
connect mysql sinaData suc!
insert suc!
下载y页面 url: http://finance.sina.com.cn/stock/t/20140320/184618567371.shtml完成
connect mysql sinaData suc!
insert suc!
下载y页面 url: http://finance.sina.com.cn/stock/s/20140319/170618554258.shtml完成
connect mysql sinaData suc!
insert suc!
下载y页面 url: http://finance.sina.com.cn/stock/t/20140320/204218570042.shtml完成
connect mysql sinaData suc!
insert suc!
下载y页面 url: http://finance.sina.com.cn/stock/s/20140321/065418572329.shtml完成
connect mysql sinaData suc!
insert suc!
[u'http://finance.sina.com.cn/stock/gujiayidong/20140212/133718186774.shtml']
快讯：半导体板块大幅上涨 6股封涨停
http://finance.sina.com.cn/stock/gujiayidong/20140212/133718186774.shtml
request Y href http://finance.sina.com.cn/stock/gujiayidong/20140212/133718186774.shtml
[u'http://finance.sina.com.cn/stock/s/20140211/064718168581.shtml']
股海导航 2月11日沪深股市公告提示
http://finance.sina.com.cn/stock/s/20140211/064718168581.shtml
request Y href http://finance.sina.com.cn/stock/s/20140211/064718168581.shtml
[u'http://finance.sina.com.cn/china/dfjj/20140211/023918166778.shtml']
媒体称东莞形成色情产业链 年经济效益或达500亿
http://finance.sina.com.cn/china/dfjj/20140211/023918166778.shtml
request Y href http://finance.sina.com.cn/china/dfjj/20140211/023918166778.shtml
[u'http://finance.sina.com.cn/stock/s/20140210/172018163578.shtml']
2月10日上市公司晚间公告速递
http://finance.sina.com.cn/stock/s/20140210/172018163578.shtml
request Y href http://finance.sina.com.cn/stock/s/20140210/172018163578.shtml
[u'http://finance.sina.com.cn/stock/t/20140207/220818146656.shtml']
[公司]新亚制程中止增发审查申请获证监会许可
http://finance.sina.com.cn/stock/t/20140207/220818146656.shtml
request Y href http://finance.sina.com.cn/stock/t/20140207/220818146656.shtml
[u'http://finance.sina.com.cn/stock/s/20140207/170918145677.shtml']
2月7日上市公司晚间公告速递
http://finance.sina.com.cn/stock/s/20140207/170918145677.shtml
request Y href http://finance.sina.com.cn/stock/s/20140207/170918145677.shtml
[u'http://finance.sina.com.cn/stock/s/20140123/065118053186.shtml']
股海导航 1月23日沪深股市公告提示
http://finance.sina.com.cn/stock/s/20140123/065118053186.shtml
request Y href http://finance.sina.com.cn/stock/s/20140123/065118053186.shtml
[u'http://finance.sina.com.cn/stock/hyyj/20140121/050618022177.shtml']
广东国资改革顶层设计方案将加速出炉
http://finance.sina.com.cn/stock/hyyj/20140121/050618022177.shtml
request Y href http://finance.sina.com.cn/stock/hyyj/20140121/050618022177.shtml
[u'http://finance.sina.com.cn/stock/s/20140121/050418022165.shtml']
新亚制程资产重组临战变阵 上会前夜紧急中止
http://finance.sina.com.cn/stock/s/20140121/050418022165.shtml
request Y href http://finance.sina.com.cn/stock/s/20140121/050418022165.shtml
[u'http://finance.sina.com.cn/stock/s/20140120/170018016443.shtml']
1月20日上市公司晚间公告速递
http://finance.sina.com.cn/stock/s/20140120/170018016443.shtml
request Y href http://finance.sina.com.cn/stock/s/20140120/170018016443.shtml
[u'http://finance.sina.com.cn/stock/s/20140120/064718007640.shtml']
股海导航 1月20日沪深股市公告提示
http://finance.sina.com.cn/stock/s/20140120/064718007640.shtml
request Y href http://finance.sina.com.cn/stock/s/20140120/064718007640.shtml
[u'http://finance.sina.com.cn/stock/t/20140119/213218003873.shtml']
新亚制程拟修改定增收购资产方案 20日复牌
http://finance.sina.com.cn/stock/t/20140119/213218003873.shtml
request Y href http://finance.sina.com.cn/stock/t/20140119/213218003873.shtml
[u'http://finance.sina.com.cn/stock/s/20140119/181018003591.shtml']
1月19日上市公司晚间公告速递
http://finance.sina.com.cn/stock/s/20140119/181018003591.shtml
request Y href http://finance.sina.com.cn/stock/s/20140119/181018003591.shtml
[u'http://finance.sina.com.cn/stock/t/20140119/180518003587.shtml']
新亚制程拟修改定增收购资产方案 20日复牌
http://finance.sina.com.cn/stock/t/20140119/180518003587.shtml
request Y href http://finance.sina.com.cn/stock/t/20140119/180518003587.shtml
[u'http://finance.sina.com.cn/stock/s/20140117/170017992694.shtml']
1月17日上市公司晚间公告速递
http://finance.sina.com.cn/stock/s/20140117/170017992694.shtml
request Y href http://finance.sina.com.cn/stock/s/20140117/170017992694.shtml
[u'http://finance.sina.com.cn/stock/s/20140117/065617984397.shtml']
股海导航 1月17日沪深股市公告提示
http://finance.sina.com.cn/stock/s/20140117/065617984397.shtml
request Y href http://finance.sina.com.cn/stock/s/20140117/065617984397.shtml
下载y页面 url: http://finance.sina.com.cn/stock/s/20140320/173218566825.shtml完成
connect mysql sinaData suc!
insert suc!
下载y页面 url: http://finance.sina.com.cn/china/dfjj/20140331/045218660677.shtml完成
connect mysql sinaData suc!
insert suc!
[u'http://finance.sina.com.cn/stock/s/20140116/165617978394.shtml']
1月16日上市公司晚间公告速递
http://finance.sina.com.cn/stock/s/20140116/165617978394.shtml
request Y href http://finance.sina.com.cn/stock/s/20140116/165617978394.shtml
[u'http://finance.sina.com.cn/stock/s/20140116/065717968897.shtml']
股海导航 1月16日沪深股市公告提示
http://finance.sina.com.cn/stock/s/20140116/065717968897.shtml
request Y href http://finance.sina.com.cn/stock/s/20140116/065717968897.shtml
[u'http://finance.sina.com.cn/stock/s/20140110/065817907087.shtml']
股海导航 1月10日沪深股市公告提示
http://finance.sina.com.cn/stock/s/20140110/065817907087.shtml
request Y href http://finance.sina.com.cn/stock/s/20140110/065817907087.shtml
[u'http://finance.sina.com.cn/stock/t/20140110/001117902938.shtml']
[公司]新亚制程10日起停牌 重大资产重组上会
http://finance.sina.com.cn/stock/t/20140110/001117902938.shtml
request Y href http://finance.sina.com.cn/stock/t/20140110/001117902938.shtml
[u'http://finance.sina.com.cn/stock/t/20140109/202617902092.shtml']
新亚制程发行股份购买资产事宜上会 10日起停牌
http://finance.sina.com.cn/stock/t/20140109/202617902092.shtml
request Y href http://finance.sina.com.cn/stock/t/20140109/202617902092.shtml
[u'http://finance.sina.com.cn/stock/s/20140108/075917879328.shtml']
新亚制程定增遭两次审查 IPO项目或缩水或终止
http://finance.sina.com.cn/stock/s/20140108/075917879328.shtml
request Y href http://finance.sina.com.cn/stock/s/20140108/075917879328.shtml
[u'http://finance.sina.com.cn/china/dfjj/20140106/132317856669.shtml']
上海自贸区开放增值电信业务 部分外资比例可破50%
http://finance.sina.com.cn/china/dfjj/20140106/132317856669.shtml
request Y href http://finance.sina.com.cn/china/dfjj/20140106/132317856669.shtml
[u'http://finance.sina.com.cn/china/dfjj/20140103/052217830386.shtml']
佛山富士康厂迁出社区顿时荒芜:商铺几天关一个
http://finance.sina.com.cn/china/dfjj/20140103/052217830386.shtml
request Y href http://finance.sina.com.cn/china/dfjj/20140103/052217830386.shtml
[u'http://finance.sina.com.cn/stock/t/20131227/215417778211.shtml']
[公司]新亚制程大股东650万股办质押回购交易
http://finance.sina.com.cn/stock/t/20131227/215417778211.shtml
request Y href http://finance.sina.com.cn/stock/t/20131227/215417778211.shtml
[u'http://finance.sina.com.cn/stock/t/20131227/214817778210.shtml']
[公司]新亚制程拟1.1亿买楼 称将提升盈利能力
http://finance.sina.com.cn/stock/t/20131227/214817778210.shtml
request Y href http://finance.sina.com.cn/stock/t/20131227/214817778210.shtml
下载y页面 url: http://finance.sina.com.cn/stock/s/20140404/233018718590.shtml完成
connect mysql sinaData suc!
insert suc!
下载y页面 url: http://finance.sina.com.cn/stock/s/20140401/172118681399.shtml完成
connect mysql sinaData suc!
insert suc!
下载y页面 url: http://finance.sina.com.cn/stock/t/20140428/010118938874.shtml完成
connect mysql sinaData suc!
insert suc!
下载y页面 url: http://finance.sina.com.cn/stock/e/20140507/103519027777.shtml完成
connect mysql sinaData suc!
insert suc!
下载y页面 url: http://finance.sina.com.cn/stock/t/20140507/170919031832.shtml完成
connect mysql sinaData suc!
insert suc!
下载y页面 url: http://finance.sina.com.cn/stock/t/20140520/213419170074.shtml完成
connect mysql sinaData suc!
insert suc!
下载y页面 url: http://finance.sina.com.cn/stock/s/20140428/171418949250.shtml完成
connect mysql sinaData suc!
insert suc!
下载y页面 url: http://finance.sina.com.cn/stock/s/20140520/171719168611.shtml完成
connect mysql sinaData suc!
insert suc!
下载y页面 url: http://finance.sina.com.cn/stock/s/20140521/033919172071.shtml完成
connect mysql sinaData suc!
insert suc!
下载y页面 url: http://finance.sina.com.cn/stock/t/20140521/112619178856.shtml完成
connect mysql sinaData suc!
insert suc!
下载y页面 url: http://finance.sina.com.cn/stock/s/20140226/171818341108.shtml完成
connect mysql sinaData suc!
insert suc!
下载y页面 url: http://finance.sina.com.cn/stock/s/20140521/070119174238.shtml完成
connect mysql sinaData suc!
insert suc!
下载y页面 url: http://finance.sina.com.cn/stock/s/20140528/173019254661.shtml完成
connect mysql sinaData suc!
insert suc!
下载y页面 url: http://finance.sina.com.cn/stock/hyyj/20140212/141618187213.shtml完成
connect mysql sinaData suc!
insert suc!
下载y页面 url: http://finance.sina.com.cn/stock/s/20140529/064519259984.shtml完成
connect mysql sinaData suc!
insert suc!
下载y页面 url: http://finance.sina.com.cn/stock/s/20141008/162720483144.shtml完成
connect mysql sinaData suc!
insert suc!
下载y页面 url: http://finance.sina.com.cn/stock/s/20140117/065617984397.shtml完成
connect mysql sinaData suc!
insert suc!
下载y页面 url: http://finance.sina.com.cn/stock/t/20140119/180518003587.shtml完成
connect mysql sinaData suc!
insert suc!
下载y页面 url: http://finance.sina.com.cn/stock/s/20140117/170017992694.shtml完成
connect mysql sinaData suc!
insert suc!
下载y页面 url: http://finance.sina.com.cn/stock/t/20140119/213218003873.shtml完成
connect mysql sinaData suc!
insert suc!
下载y页面 url: http://finance.sina.com.cn/stock/s/20140119/181018003591.shtml完成
connect mysql sinaData suc!
insert suc!
下载y页面 url: http://finance.sina.com.cn/stock/t/20131227/214817778210.shtml完成
connect mysql sinaData suc!
insert suc!
下载y页面 url: http://finance.sina.com.cn/stock/t/20131227/215417778211.shtml完成
connect mysql sinaData suc!
insert suc!
下载y页面 url: http://finance.sina.com.cn/china/dfjj/20140103/052217830386.shtml完成
connect mysql sinaData suc!
insert suc!
下载x页面 url: http://vip.stock.finance.sina.com.cn/corp/view/vCB_AllNewsStock.php?symbol=sz002388&Page=6完成
getting title's text and href
[u'http://finance.sina.com.cn/stock/s/20131227/065117768866.shtml']
股海导航 12月27日沪深股市公告提示
http://finance.sina.com.cn/stock/s/20131227/065117768866.shtml
request Y href http://finance.sina.com.cn/stock/s/20131227/065117768866.shtml
下载y页面 url: http://finance.sina.com.cn/china/dfjj/20140106/132317856669.shtml完成
connect mysql sinaData suc!
insert suc!
下载y页面 url: http://finance.sina.com.cn/stock/s/20140108/075917879328.shtml完成
connect mysql sinaData suc!
insert suc!
下载y页面 url: http://finance.sina.com.cn/stock/t/20140109/202617902092.shtml完成
connect mysql sinaData suc!
insert suc!
下载y页面 url: http://finance.sina.com.cn/stock/t/20140110/001117902938.shtml完成
connect mysql sinaData suc!
insert suc!
[u'http://finance.sina.com.cn/stock/s/20131226/171817762365.shtml']
12月26日上市公司晚间公告速递
http://finance.sina.com.cn/stock/s/20131226/171817762365.shtml
request Y href http://finance.sina.com.cn/stock/s/20131226/171817762365.shtml
[u'http://finance.sina.com.cn/china/20131226/023917752800.shtml']
广州国土房管局回应取消限购说：与限购不矛盾
http://finance.sina.com.cn/china/20131226/023917752800.shtml
request Y href http://finance.sina.com.cn/china/20131226/023917752800.shtml
[u'http://finance.sina.com.cn/china/dfjj/20131226/020417752182.shtml']
广州酝酿楼市取消限购限价 业内称可能性不大
http://finance.sina.com.cn/china/dfjj/20131226/020417752182.shtml
request Y href http://finance.sina.com.cn/china/dfjj/20131226/020417752182.shtml
[u'http://finance.sina.com.cn/china/dfjj/20131225/132617747073.shtml']
广州称将探索逐步取消房地产限价限购
http://finance.sina.com.cn/china/dfjj/20131225/132617747073.shtml
request Y href http://finance.sina.com.cn/china/dfjj/20131225/132617747073.shtml
[u'http://finance.sina.com.cn/stock/s/20131225/064917742415.shtml']
股海导航 12月25日沪深股市公告提示
http://finance.sina.com.cn/stock/s/20131225/064917742415.shtml
request Y href http://finance.sina.com.cn/stock/s/20131225/064917742415.shtml
[u'http://finance.sina.com.cn/stock/s/20131224/170317736234.shtml']
12月24日上市公司晚间公告速递
http://finance.sina.com.cn/stock/s/20131224/170317736234.shtml
request Y href http://finance.sina.com.cn/stock/s/20131224/170317736234.shtml
[u'http://finance.sina.com.cn/china/20131224/013117726006.shtml']
粤港澳自贸区方案已上报国务院 范围将超上海
http://finance.sina.com.cn/china/20131224/013117726006.shtml
request Y href http://finance.sina.com.cn/china/20131224/013117726006.shtml
[u'http://finance.sina.com.cn/stock/s/20131211/070417596123.shtml']
股海导航 12月11日沪深股市公告提示
http://finance.sina.com.cn/stock/s/20131211/070417596123.shtml
request Y href http://finance.sina.com.cn/stock/s/20131211/070417596123.shtml
[u'http://finance.sina.com.cn/stock/s/20131210/171417590092.shtml']
12月10日上市公司晚间公告速递
http://finance.sina.com.cn/stock/s/20131210/171417590092.shtml
request Y href http://finance.sina.com.cn/stock/s/20131210/171417590092.shtml
[u'http://finance.sina.com.cn/stock/t/20131210/165617590499.shtml']
[公司]新亚制程拟终止实施新增营销网点项目
http://finance.sina.com.cn/stock/t/20131210/165617590499.shtml
request Y href http://finance.sina.com.cn/stock/t/20131210/165617590499.shtml
下载y页面 url: http://finance.sina.com.cn/stock/s/20140120/064718007640.shtml完成
connect mysql sinaData suc!
insert suc!
下载y页面 url: http://finance.sina.com.cn/stock/s/20140110/065817907087.shtml完成
connect mysql sinaData suc!
insert suc!
下载y页面 url: http://finance.sina.com.cn/stock/s/20140116/065717968897.shtml完成
connect mysql sinaData suc!
insert suc!
下载y页面 url: http://finance.sina.com.cn/stock/s/20140120/170018016443.shtml完成
connect mysql sinaData suc!
insert suc!
下载y页面 url: http://finance.sina.com.cn/stock/s/20140116/165617978394.shtml完成
connect mysql sinaData suc!
insert suc!
下载y页面 url: http://finance.sina.com.cn/stock/s/20140121/050418022165.shtml完成
connect mysql sinaData suc!
insert suc!
下载y页面 url: http://finance.sina.com.cn/stock/hyyj/20140121/050618022177.shtml完成
connect mysql sinaData suc!
insert suc!
下载y页面 url: http://finance.sina.com.cn/stock/s/20140123/065118053186.shtml完成
connect mysql sinaData suc!
insert suc!
下载y页面 url: http://finance.sina.com.cn/stock/s/20140207/170918145677.shtml完成
connect mysql sinaData suc!
insert suc!
下载y页面 url: http://finance.sina.com.cn/stock/t/20140207/220818146656.shtml完成
connect mysql sinaData suc!
insert suc!
下载y页面 url: http://finance.sina.com.cn/china/dfjj/20140211/023918166778.shtml完成
connect mysql sinaData suc!
insert suc!
下载y页面 url: http://finance.sina.com.cn/stock/gujiayidong/20140212/133718186774.shtml完成
connect mysql sinaData suc!
insert suc!
下载y页面 url: http://finance.sina.com.cn/china/20140213/023418192780.shtml完成
connect mysql sinaData suc!
insert suc!
下载y页面 url: http://finance.sina.com.cn/stock/s/20140210/172018163578.shtml完成
connect mysql sinaData suc!
insert suc!
下载y页面 url: http://finance.sina.com.cn/stock/s/20140211/064718168581.shtml完成
connect mysql sinaData suc!
insert suc!
下载y页面 url: http://finance.sina.com.cn/stock/s/20140213/170718203125.shtml完成
connect mysql sinaData suc!
insert suc!
下载y页面 url: http://finance.sina.com.cn/stock/t/20140213/194618204111.shtml完成
connect mysql sinaData suc!
insert suc!
下载y页面 url: http://finance.sina.com.cn/stock/t/20140213/195718204442.shtml完成
connect mysql sinaData suc!
insert suc!
下载y页面 url: http://finance.sina.com.cn/stock/t/20131210/165617590499.shtml完成
connect mysql sinaData suc!
insert suc!
下载y页面 url: http://finance.sina.com.cn/stock/s/20131227/065117768866.shtml完成
connect mysql sinaData suc!
insert suc!
下载y页面 url: http://finance.sina.com.cn/stock/s/20131211/070417596123.shtml完成
connect mysql sinaData suc!
insert suc!
下载y页面 url: http://finance.sina.com.cn/china/20131224/013117726006.shtml完成
connect mysql sinaData suc!
insert suc!
下载y页面 url: http://finance.sina.com.cn/stock/s/20131210/171417590092.shtml完成
connect mysql sinaData suc!
insert suc!
下载y页面 url: http://finance.sina.com.cn/china/dfjj/20131225/132617747073.shtml完成
connect mysql sinaData suc!
insert suc!
下载y页面 url: http://finance.sina.com.cn/china/dfjj/20131226/020417752182.shtml完成
connect mysql sinaData suc!
insert suc!
下载y页面 url: http://finance.sina.com.cn/china/20131226/023917752800.shtml完成
connect mysql sinaData suc!
insert suc!
下载y页面 url: http://finance.sina.com.cn/stock/s/20131224/170317736234.shtml完成
connect mysql sinaData suc!
insert suc!
下载y页面 url: http://finance.sina.com.cn/stock/s/20131225/064917742415.shtml完成
connect mysql sinaData suc!
insert suc!
下载y页面 url: http://finance.sina.com.cn/stock/t/20140218/201918254630.shtml完成
connect mysql sinaData suc!
insert suc!
下载y页面 url: http://finance.sina.com.cn/stock/s/20131226/171817762365.shtml完成
connect mysql sinaData suc!
insert suc!
下载y页面 url: http://finance.sina.com.cn/stock/s/20140219/005918255524.shtml完成
connect mysql sinaData suc!
insert suc!
下载y页面 url: http://finance.sina.com.cn/stock/s/20140214/064318209143.shtml完成
connect mysql sinaData suc!
insert suc!
下载y页面 url: http://finance.sina.com.cn/stock/s/20140219/011518256185.shtml完成
connect mysql sinaData suc!
insert suc!
下载y页面 url: http://finance.sina.com.cn/stock/s/20140219/013218256567.shtml完成
connect mysql sinaData suc!
insert suc!
下载y页面 url: http://finance.sina.com.cn/stock/s/20140219/064818259342.shtml完成
connect mysql sinaData suc!
insert suc!
下载y页面 url: http://finance.sina.com.cn/stock/t/20140225/092018320866.shtml完成
connect mysql sinaData suc!
insert suc!
下载y页面 url: http://finance.sina.com.cn/stock/s/20140219/171818267823.shtml完成
connect mysql sinaData suc!
insert suc!
下载y页面 url: http://finance.sina.com.cn/stock/t/20141008/212320484760.shtml完成
connect mysql sinaData suc!
insert suc!
下载y页面 url: http://finance.sina.com.cn/stock/jsy/20141009/145120493324.shtml完成
connect mysql sinaData suc!
insert suc!
下载y页面 url: http://finance.sina.com.cn/stock/t/20150312/100721704515.shtml完成
connect mysql sinaData suc!
insert suc!
下载y页面 url: http://finance.sina.com.cn/stock/stockptd/20150319/075721756628.shtml完成
connect mysql sinaData suc!
insert suc!
下载y页面 url: http://finance.sina.com.cn/stock/hyyj/20150407/073821896155.shtml完成
connect mysql sinaData suc!
insert suc!
下载y页面 url: http://finance.sina.com.cn/stock/s/20150412/134121936099.shtml完成
connect mysql sinaData suc!
insert suc!
下载y页面 url: http://finance.sina.com.cn/stock/s/20150505/165222110240.shtml完成
connect mysql sinaData suc!
insert suc!
下载y页面 url: http://finance.sina.com.cn/stock/s/20150506/065322114901.shtml完成
connect mysql sinaData suc!
insert suc!
下载y页面 url: http://finance.sina.com.cn/stock/s/20150508/173522138691.shtml完成
connect mysql sinaData suc!
insert suc!
下载y页面 url: http://finance.sina.com.cn/stock/s/20150519/172122216915.shtml完成
connect mysql sinaData suc!
insert suc!
下载y页面 url: http://finance.sina.com.cn/stock/s/20150520/065822221954.shtml完成
connect mysql sinaData suc!
insert suc!
下载y页面 url: http://finance.sina.com.cn/stock/s/20150526/172222271090.shtml完成
connect mysql sinaData suc!
insert suc!
下载y页面 url: http://finance.sina.com.cn/stock/s/20150527/073322276513.shtml完成
connect mysql sinaData suc!
insert suc!
下载y页面 url: http://finance.sina.com.cn/stock/s/20150529/073122296209.shtml完成
connect mysql sinaData suc!
insert suc!
下载y页面 url: http://finance.sina.com.cn/stock/s/20150529/173122298440.shtml完成
connect mysql sinaData suc!
insert suc!
下载y页面 url: http://finance.sina.com.cn/stock/s/20150602/170422328861.shtml完成
connect mysql sinaData suc!
insert suc!
下载y页面 url: http://finance.sina.com.cn/stock/s/20150602/175722329299.shtml完成
connect mysql sinaData suc!
insert suc!
下载y页面 url: http://finance.sina.com.cn/stock/s/20150609/171022387876.shtml完成
connect mysql sinaData suc!
insert suc!
下载y页面 url: http://finance.sina.com.cn/stock/s/20150609/171522387852.shtml完成
connect mysql sinaData suc!
insert suc!
下载y页面 url: http://finance.sina.com.cn/stock/s/20150616/171422446838.shtml完成
connect mysql sinaData suc!
insert suc!
下载y页面 url: http://finance.sina.com.cn/stock/s/20150603/064922334962.shtml完成
connect mysql sinaData suc!
insert suc!
下载y页面 url: http://finance.sina.com.cn/stock/t/20150617/023922450531.shtml完成
connect mysql sinaData suc!
insert suc!
下载y页面 url: http://finance.sina.com.cn/stock/s/20150610/074522394229.shtml完成
connect mysql sinaData suc!
insert suc!
下载y页面 url: http://finance.sina.com.cn/stock/s/20150617/070722452642.shtml完成
connect mysql sinaData suc!
insert suc!
下载y页面 url: http://finance.sina.com.cn/stock/s/20150721/172122751920.shtml完成
connect mysql sinaData suc!
insert suc!
